INFO:gunpowder.tensorflow.local_server:Creating local tensorflow server
WARNING:tensorflow:From /groups/mousebrainmicro/home/pattonw/Code/Packages/gunpowder/gunpowder/tensorflow/local_server.py:38: The name tf.train.Server is deprecated. Please use tf.distribute.Server instead.

INFO:gunpowder.tensorflow.local_server:Server running at b'grpc://localhost:32853'
INFO:gunpowder.tensorflow.nodes.train:Initializing tf session, connecting to b'grpc://localhost:32853'...
WARNING:tensorflow:From /groups/mousebrainmicro/home/pattonw/Code/Packages/gunpowder/gunpowder/tensorflow/nodes/train.py:158: The name tf.Session is deprecated. Please use tf.compat.v1.Session instead.

INFO:gunpowder.tensorflow.nodes.train:Reading meta-graph...
WARNING:tensorflow:From /groups/mousebrainmicro/home/pattonw/Code/Packages/gunpowder/gunpowder/tensorflow/nodes/train.py:241: The name tf.train.import_meta_graph is deprecated. Please use tf.compat.v1.train.import_meta_graph instead.

WARNING:tensorflow:From /groups/mousebrainmicro/home/pattonw/Code/Packages/gunpowder/gunpowder/tensorflow/nodes/train.py:246: The name tf.variable_scope is deprecated. Please use tf.compat.v1.variable_scope instead.

WARNING:tensorflow:From /groups/mousebrainmicro/home/pattonw/Code/Packages/gunpowder/gunpowder/tensorflow/nodes/train.py:247: The name tf.get_variable is deprecated. Please use tf.compat.v1.get_variable instead.

WARNING:tensorflow:From /groups/mousebrainmicro/home/pattonw/Code/Packages/gunpowder/gunpowder/tensorflow/nodes/train.py:252: The name tf.assign is deprecated. Please use tf.compat.v1.assign instead.

WARNING:tensorflow:From /groups/mousebrainmicro/home/pattonw/Code/Packages/gunpowder/gunpowder/tensorflow/nodes/train.py:259: The name tf.train.Saver is deprecated. Please use tf.compat.v1.train.Saver instead.

WARNING:tensorflow:From /miniconda/lib/python3.6/site-packages/tensorflow/python/ops/array_ops.py:1354: add_dispatch_support.<locals>.wrapper (from tensorflow.python.ops.array_ops) is deprecated and will be removed in a future version.
Instructions for updating:
Use tf.where in 2.0, which has the same broadcast rule as np.where
WARNING:tensorflow:From /src/funlib/funlib/learn/tensorflow/losses/um_loss.py:29: py_func (from tensorflow.python.ops.script_ops) is deprecated and will be removed in a future version.
Instructions for updating:
tf.py_func is deprecated in TF V2. Instead, there are two
    options available in V2.
    - tf.py_function takes a python function which manipulates tf eager
    tensors instead of numpy arrays. It's easy to convert a tf eager tensor to
    an ndarray (just call tensor.numpy()) but having access to eager tensors
    means `tf.py_function`s can use accelerators such as GPUs as well as
    being differentiable using a gradient tape.
    - tf.numpy_function maintains the semantics of the deprecated tf.py_func
    (it is not differentiable, and manipulates numpy arrays). It drops the
    stateful argument making all functions stateful.
    
WARNING:tensorflow:From /src/funlib/funlib/learn/tensorflow/losses/py_func_gradient.py:15: The name tf.get_default_graph is deprecated. Please use tf.compat.v1.get_default_graph instead.

WARNING:tensorflow:From train.py:148: The name tf.losses.mean_squared_error is deprecated. Please use tf.compat.v1.losses.mean_squared_error instead.

WARNING:tensorflow:From train.py:152: The name tf.summary.scalar is deprecated. Please use tf.compat.v1.summary.scalar instead.

WARNING:tensorflow:From train.py:156: The name tf.summary.merge_all is deprecated. Please use tf.compat.v1.summary.merge_all instead.

WARNING:tensorflow:From train.py:158: The name tf.train.AdamOptimizer is deprecated. Please use tf.compat.v1.train.AdamOptimizer instead.

INFO:gunpowder.tensorflow.nodes.train:No checkpoint found
WARNING:tensorflow:From /groups/mousebrainmicro/home/pattonw/Code/Packages/gunpowder/gunpowder/tensorflow/nodes/train.py:166: The name tf.summary.FileWriter is deprecated. Please use tf.compat.v1.summary.FileWriter instead.

INFO:gunpowder.nodes.precache:starting new set of workers...
INFO:funlib.learn.tensorflow.losses.um_loss:min/max ultrametric: 0.020079/0.101654
INFO:gunpowder.nodes.generic_train:Train process: iteration=1 loss=0.337224 time=5.957512
INFO:gunpowder.nodes.snapshot:saving to snapshots/1.hdf
INFO:funlib.learn.tensorflow.losses.um_loss:min/max ultrametric: 0.020078/0.101621
INFO:gunpowder.nodes.generic_train:Train process: iteration=2 loss=0.337250 time=0.083715
INFO:funlib.learn.tensorflow.losses.um_loss:min/max ultrametric: 0.020078/0.112982
INFO:gunpowder.nodes.generic_train:Train process: iteration=3 loss=0.337226 time=0.084571
INFO:funlib.learn.tensorflow.losses.um_loss:min/max ultrametric: 0.020078/0.113052
INFO:gunpowder.nodes.generic_train:Train process: iteration=4 loss=0.337198 time=0.082149
INFO:funlib.learn.tensorflow.losses.um_loss:min/max ultrametric: 0.020078/0.113124
INFO:gunpowder.nodes.generic_train:Train process: iteration=5 loss=0.337133 time=0.079944
INFO:funlib.learn.tensorflow.losses.um_loss:min/max ultrametric: 0.020078/0.113192
INFO:gunpowder.nodes.generic_train:Train process: iteration=6 loss=0.337111 time=0.081042
INFO:funlib.learn.tensorflow.losses.um_loss:min/max ultrametric: 0.020078/0.113262
INFO:gunpowder.nodes.generic_train:Train process: iteration=7 loss=0.337094 time=0.077526
INFO:funlib.learn.tensorflow.losses.um_loss:min/max ultrametric: 0.020077/0.113334
INFO:gunpowder.nodes.generic_train:Train process: iteration=8 loss=0.337078 time=0.083305
INFO:funlib.learn.tensorflow.losses.um_loss:min/max ultrametric: 0.020077/0.113406
INFO:gunpowder.nodes.generic_train:Train process: iteration=9 loss=0.337061 time=0.080544
INFO:funlib.learn.tensorflow.losses.um_loss:min/max ultrametric: 0.020076/0.113480
INFO:gunpowder.nodes.generic_train:Train process: iteration=10 loss=0.337043 time=0.071636
INFO:funlib.learn.tensorflow.losses.um_loss:min/max ultrametric: 0.020277/0.126785
INFO:gunpowder.nodes.generic_train:Train process: iteration=11 loss=0.337233 time=0.068583
INFO:funlib.learn.tensorflow.losses.um_loss:min/max ultrametric: 0.020274/0.126779
INFO:gunpowder.nodes.generic_train:Train process: iteration=12 loss=0.337210 time=0.076143
INFO:funlib.learn.tensorflow.losses.um_loss:min/max ultrametric: 0.010992/0.126784
INFO:gunpowder.nodes.generic_train:Train process: iteration=13 loss=0.337187 time=0.080556
INFO:funlib.learn.tensorflow.losses.um_loss:min/max ultrametric: 0.020268/0.126799
INFO:gunpowder.nodes.generic_train:Train process: iteration=14 loss=0.337178 time=0.077797
INFO:funlib.learn.tensorflow.losses.um_loss:min/max ultrametric: 0.020265/0.126821
INFO:gunpowder.nodes.generic_train:Train process: iteration=15 loss=0.337168 time=0.088296
INFO:funlib.learn.tensorflow.losses.um_loss:min/max ultrametric: 0.020262/0.126849
INFO:gunpowder.nodes.generic_train:Train process: iteration=16 loss=0.337130 time=0.081954
INFO:funlib.learn.tensorflow.losses.um_loss:min/max ultrametric: 0.020259/0.126882
INFO:gunpowder.nodes.generic_train:Train process: iteration=17 loss=0.337118 time=0.090294
INFO:funlib.learn.tensorflow.losses.um_loss:min/max ultrametric: 0.020257/0.126920
INFO:gunpowder.nodes.generic_train:Train process: iteration=18 loss=0.336763 time=0.088014
INFO:funlib.learn.tensorflow.losses.um_loss:min/max ultrametric: 0.020254/0.126962
INFO:gunpowder.nodes.generic_train:Train process: iteration=19 loss=0.336867 time=0.086687
INFO:funlib.learn.tensorflow.losses.um_loss:min/max ultrametric: 0.020252/0.127006
INFO:gunpowder.nodes.generic_train:Train process: iteration=20 loss=0.336854 time=0.088885
INFO:funlib.learn.tensorflow.losses.um_loss:min/max ultrametric: 0.020097/0.124049
INFO:gunpowder.nodes.generic_train:Train process: iteration=21 loss=0.340036 time=0.084813
INFO:funlib.learn.tensorflow.losses.um_loss:min/max ultrametric: 0.020096/0.124040
INFO:gunpowder.nodes.generic_train:Train process: iteration=22 loss=0.340060 time=0.090064
INFO:funlib.learn.tensorflow.losses.um_loss:min/max ultrametric: 0.020094/0.124030
INFO:gunpowder.nodes.generic_train:Train process: iteration=23 loss=0.340063 time=0.087424
INFO:funlib.learn.tensorflow.losses.um_loss:min/max ultrametric: 0.020093/0.124020
INFO:gunpowder.nodes.generic_train:Train process: iteration=24 loss=0.340073 time=0.087348
INFO:funlib.learn.tensorflow.losses.um_loss:min/max ultrametric: 0.020093/0.124009
INFO:gunpowder.nodes.generic_train:Train process: iteration=25 loss=0.340027 time=0.085305
INFO:funlib.learn.tensorflow.losses.um_loss:min/max ultrametric: 0.020092/0.123996
INFO:gunpowder.nodes.generic_train:Train process: iteration=26 loss=0.340021 time=0.085437
INFO:funlib.learn.tensorflow.losses.um_loss:min/max ultrametric: 0.020091/0.123984
INFO:gunpowder.nodes.generic_train:Train process: iteration=27 loss=0.340015 time=0.076503
INFO:funlib.learn.tensorflow.losses.um_loss:min/max ultrametric: 0.020090/0.123971
INFO:gunpowder.nodes.generic_train:Train process: iteration=28 loss=0.340003 time=0.076063
INFO:funlib.learn.tensorflow.losses.um_loss:min/max ultrametric: 0.020090/0.123956
INFO:gunpowder.nodes.generic_train:Train process: iteration=29 loss=0.339882 time=0.087618
INFO:funlib.learn.tensorflow.losses.um_loss:min/max ultrametric: 0.020089/0.123941
INFO:gunpowder.nodes.generic_train:Train process: iteration=30 loss=0.339939 time=0.087408
INFO:funlib.learn.tensorflow.losses.um_loss:min/max ultrametric: 0.020198/0.136619
INFO:gunpowder.nodes.generic_train:Train process: iteration=31 loss=0.335491 time=0.086195
INFO:funlib.learn.tensorflow.losses.um_loss:min/max ultrametric: 0.020198/0.136625
INFO:gunpowder.nodes.generic_train:Train process: iteration=32 loss=0.335500 time=0.089782
INFO:funlib.learn.tensorflow.losses.um_loss:min/max ultrametric: 0.020198/0.136638
INFO:gunpowder.nodes.generic_train:Train process: iteration=33 loss=0.335471 time=0.079587
INFO:funlib.learn.tensorflow.losses.um_loss:min/max ultrametric: 0.020198/0.136655
INFO:gunpowder.nodes.generic_train:Train process: iteration=34 loss=0.335430 time=0.075803
INFO:funlib.learn.tensorflow.losses.um_loss:min/max ultrametric: 0.020198/0.136677
INFO:gunpowder.nodes.generic_train:Train process: iteration=35 loss=0.335409 time=0.086915
INFO:funlib.learn.tensorflow.losses.um_loss:min/max ultrametric: 0.020198/0.136703
INFO:gunpowder.nodes.generic_train:Train process: iteration=36 loss=0.335373 time=0.086084
INFO:funlib.learn.tensorflow.losses.um_loss:min/max ultrametric: 0.020199/0.136739
INFO:gunpowder.nodes.generic_train:Train process: iteration=37 loss=0.335446 time=0.087970
INFO:funlib.learn.tensorflow.losses.um_loss:min/max ultrametric: 0.020200/0.136786
INFO:gunpowder.nodes.generic_train:Train process: iteration=38 loss=0.335497 time=0.087469
INFO:funlib.learn.tensorflow.losses.um_loss:min/max ultrametric: 0.020202/0.136841
INFO:gunpowder.nodes.generic_train:Train process: iteration=39 loss=0.335382 time=0.087578
INFO:funlib.learn.tensorflow.losses.um_loss:min/max ultrametric: 0.020203/0.136902
INFO:gunpowder.nodes.generic_train:Train process: iteration=40 loss=0.335412 time=0.091866
INFO:funlib.learn.tensorflow.losses.um_loss:min/max ultrametric: 0.020118/0.127571
INFO:gunpowder.nodes.generic_train:Train process: iteration=41 loss=0.334806 time=0.087604
INFO:funlib.learn.tensorflow.losses.um_loss:min/max ultrametric: 0.020118/0.127566
INFO:gunpowder.nodes.generic_train:Train process: iteration=42 loss=0.334732 time=0.077269
INFO:funlib.learn.tensorflow.losses.um_loss:min/max ultrametric: 0.020119/0.127560
INFO:gunpowder.nodes.generic_train:Train process: iteration=43 loss=0.334655 time=0.086312
INFO:funlib.learn.tensorflow.losses.um_loss:min/max ultrametric: 0.020119/0.127551
INFO:gunpowder.nodes.generic_train:Train process: iteration=44 loss=0.334563 time=0.077593
INFO:funlib.learn.tensorflow.losses.um_loss:min/max ultrametric: 0.020120/0.127541
INFO:gunpowder.nodes.generic_train:Train process: iteration=45 loss=0.334449 time=0.076869
INFO:funlib.learn.tensorflow.losses.um_loss:min/max ultrametric: 0.020121/0.127530
INFO:gunpowder.nodes.generic_train:Train process: iteration=46 loss=0.334437 time=0.095781
INFO:funlib.learn.tensorflow.losses.um_loss:min/max ultrametric: 0.020121/0.127517
INFO:gunpowder.nodes.generic_train:Train process: iteration=47 loss=0.334424 time=0.085276
INFO:funlib.learn.tensorflow.losses.um_loss:min/max ultrametric: 0.020122/0.127504
INFO:gunpowder.nodes.generic_train:Train process: iteration=48 loss=0.334547 time=0.083600
INFO:funlib.learn.tensorflow.losses.um_loss:min/max ultrametric: 0.020123/0.127491
INFO:gunpowder.nodes.generic_train:Train process: iteration=49 loss=0.334535 time=0.086665
INFO:funlib.learn.tensorflow.losses.um_loss:min/max ultrametric: 0.020124/0.127480
INFO:gunpowder.nodes.generic_train:Train process: iteration=50 loss=0.334522 time=0.088913
INFO:funlib.learn.tensorflow.losses.um_loss:min/max ultrametric: 0.020197/0.113226
INFO:gunpowder.nodes.generic_train:Train process: iteration=51 loss=0.339962 time=0.088787
INFO:funlib.learn.tensorflow.losses.um_loss:min/max ultrametric: 0.020197/0.113214
INFO:gunpowder.nodes.generic_train:Train process: iteration=52 loss=0.339957 time=0.077607
INFO:funlib.learn.tensorflow.losses.um_loss:min/max ultrametric: 0.020197/0.113201
INFO:gunpowder.nodes.generic_train:Train process: iteration=53 loss=0.339925 time=0.088225
INFO:funlib.learn.tensorflow.losses.um_loss:min/max ultrametric: 0.020198/0.113186
INFO:gunpowder.nodes.generic_train:Train process: iteration=54 loss=0.339936 time=0.084541
INFO:funlib.learn.tensorflow.losses.um_loss:min/max ultrametric: 0.020198/0.113170
INFO:gunpowder.nodes.generic_train:Train process: iteration=55 loss=0.339944 time=0.088549
INFO:funlib.learn.tensorflow.losses.um_loss:min/max ultrametric: 0.020198/0.113153
INFO:gunpowder.nodes.generic_train:Train process: iteration=56 loss=0.339810 time=0.086637
INFO:funlib.learn.tensorflow.losses.um_loss:min/max ultrametric: 0.020198/0.113134
INFO:gunpowder.nodes.generic_train:Train process: iteration=57 loss=0.339818 time=0.085434
INFO:funlib.learn.tensorflow.losses.um_loss:min/max ultrametric: 0.020198/0.113114
INFO:gunpowder.nodes.generic_train:Train process: iteration=58 loss=0.339848 time=0.086237
INFO:funlib.learn.tensorflow.losses.um_loss:min/max ultrametric: 0.020198/0.113092
INFO:gunpowder.nodes.generic_train:Train process: iteration=59 loss=0.339842 time=0.083467
INFO:funlib.learn.tensorflow.losses.um_loss:min/max ultrametric: 0.020198/0.113069
INFO:gunpowder.nodes.generic_train:Train process: iteration=60 loss=0.339834 time=0.089108
INFO:funlib.learn.tensorflow.losses.um_loss:min/max ultrametric: 0.020127/0.103111
INFO:gunpowder.nodes.generic_train:Train process: iteration=61 loss=0.339029 time=0.079164
INFO:funlib.learn.tensorflow.losses.um_loss:min/max ultrametric: 0.020127/0.103127
INFO:gunpowder.nodes.generic_train:Train process: iteration=62 loss=0.339040 time=0.086284
INFO:funlib.learn.tensorflow.losses.um_loss:min/max ultrametric: 0.020126/0.103142
INFO:gunpowder.nodes.generic_train:Train process: iteration=63 loss=0.339035 time=0.089321
INFO:funlib.learn.tensorflow.losses.um_loss:min/max ultrametric: 0.020126/0.103156
INFO:gunpowder.nodes.generic_train:Train process: iteration=64 loss=0.339024 time=0.086101
INFO:funlib.learn.tensorflow.losses.um_loss:min/max ultrametric: 0.020125/0.103169
INFO:gunpowder.nodes.generic_train:Train process: iteration=65 loss=0.339003 time=0.086898
INFO:funlib.learn.tensorflow.losses.um_loss:min/max ultrametric: 0.020124/0.103181
INFO:gunpowder.nodes.generic_train:Train process: iteration=66 loss=0.338997 time=0.086067
INFO:funlib.learn.tensorflow.losses.um_loss:min/max ultrametric: 0.020124/0.103193
INFO:gunpowder.nodes.generic_train:Train process: iteration=67 loss=0.338998 time=0.087450
INFO:funlib.learn.tensorflow.losses.um_loss:min/max ultrametric: 0.020123/0.103204
INFO:gunpowder.nodes.generic_train:Train process: iteration=68 loss=0.338990 time=0.087855
INFO:funlib.learn.tensorflow.losses.um_loss:min/max ultrametric: 0.020122/0.103213
INFO:gunpowder.nodes.generic_train:Train process: iteration=69 loss=0.338982 time=0.076811
INFO:funlib.learn.tensorflow.losses.um_loss:min/max ultrametric: 0.020121/0.103223
INFO:gunpowder.nodes.generic_train:Train process: iteration=70 loss=0.338962 time=0.087746
INFO:funlib.learn.tensorflow.losses.um_loss:min/max ultrametric: 0.020219/0.135482
INFO:gunpowder.nodes.generic_train:Train process: iteration=71 loss=0.338704 time=0.086116
INFO:funlib.learn.tensorflow.losses.um_loss:min/max ultrametric: 0.020218/0.135482
INFO:gunpowder.nodes.generic_train:Train process: iteration=72 loss=0.338719 time=0.088025
INFO:funlib.learn.tensorflow.losses.um_loss:min/max ultrametric: 0.020217/0.135484
INFO:gunpowder.nodes.generic_train:Train process: iteration=73 loss=0.338719 time=0.078616
INFO:funlib.learn.tensorflow.losses.um_loss:min/max ultrametric: 0.020217/0.135488
INFO:gunpowder.nodes.generic_train:Train process: iteration=74 loss=0.338714 time=0.087668
INFO:funlib.learn.tensorflow.losses.um_loss:min/max ultrametric: 0.020216/0.135494
INFO:gunpowder.nodes.generic_train:Train process: iteration=75 loss=0.338708 time=0.086832
INFO:funlib.learn.tensorflow.losses.um_loss:min/max ultrametric: 0.020215/0.135501
INFO:gunpowder.nodes.generic_train:Train process: iteration=76 loss=0.338718 time=0.084223
INFO:funlib.learn.tensorflow.losses.um_loss:min/max ultrametric: 0.020215/0.135510
INFO:gunpowder.nodes.generic_train:Train process: iteration=77 loss=0.338713 time=0.087508
INFO:funlib.learn.tensorflow.losses.um_loss:min/max ultrametric: 0.020214/0.135520
INFO:gunpowder.nodes.generic_train:Train process: iteration=78 loss=0.338707 time=0.099032
INFO:funlib.learn.tensorflow.losses.um_loss:min/max ultrametric: 0.020214/0.135533
INFO:gunpowder.nodes.generic_train:Train process: iteration=79 loss=0.338667 time=0.084995
INFO:funlib.learn.tensorflow.losses.um_loss:min/max ultrametric: 0.020214/0.135547
INFO:gunpowder.nodes.generic_train:Train process: iteration=80 loss=0.338660 time=0.086235
INFO:funlib.learn.tensorflow.losses.um_loss:min/max ultrametric: 0.020501/0.135035
INFO:gunpowder.nodes.generic_train:Train process: iteration=81 loss=0.338004 time=0.077905
INFO:funlib.learn.tensorflow.losses.um_loss:min/max ultrametric: 0.020503/0.135024
INFO:gunpowder.nodes.generic_train:Train process: iteration=82 loss=0.337932 time=0.080989
INFO:funlib.learn.tensorflow.losses.um_loss:min/max ultrametric: 0.020505/0.135013
INFO:gunpowder.nodes.generic_train:Train process: iteration=83 loss=0.337968 time=0.085528
INFO:funlib.learn.tensorflow.losses.um_loss:min/max ultrametric: 0.020507/0.135001
INFO:gunpowder.nodes.generic_train:Train process: iteration=84 loss=0.337959 time=0.085833
INFO:funlib.learn.tensorflow.losses.um_loss:min/max ultrametric: 0.020508/0.134989
INFO:gunpowder.nodes.generic_train:Train process: iteration=85 loss=0.337971 time=0.088939
INFO:funlib.learn.tensorflow.losses.um_loss:min/max ultrametric: 0.020509/0.134976
INFO:gunpowder.nodes.generic_train:Train process: iteration=86 loss=0.337919 time=0.087809
INFO:funlib.learn.tensorflow.losses.um_loss:min/max ultrametric: 0.020510/0.134964
INFO:gunpowder.nodes.generic_train:Train process: iteration=87 loss=0.337905 time=0.084781
INFO:funlib.learn.tensorflow.losses.um_loss:min/max ultrametric: 0.020511/0.134951
INFO:gunpowder.nodes.generic_train:Train process: iteration=88 loss=0.337909 time=0.087145
INFO:funlib.learn.tensorflow.losses.um_loss:min/max ultrametric: 0.020512/0.134938
INFO:gunpowder.nodes.generic_train:Train process: iteration=89 loss=0.337905 time=0.077045
INFO:funlib.learn.tensorflow.losses.um_loss:min/max ultrametric: 0.020512/0.134924
INFO:gunpowder.nodes.generic_train:Train process: iteration=90 loss=0.337934 time=0.087060
INFO:funlib.learn.tensorflow.losses.um_loss:min/max ultrametric: 0.020314/0.136754
INFO:gunpowder.nodes.generic_train:Train process: iteration=91 loss=0.338433 time=0.075106
INFO:funlib.learn.tensorflow.losses.um_loss:min/max ultrametric: 0.020313/0.136748
INFO:gunpowder.nodes.generic_train:Train process: iteration=92 loss=0.338427 time=0.086419
INFO:funlib.learn.tensorflow.losses.um_loss:min/max ultrametric: 0.020311/0.136742
INFO:gunpowder.nodes.generic_train:Train process: iteration=93 loss=0.338419 time=0.094347
INFO:funlib.learn.tensorflow.losses.um_loss:min/max ultrametric: 0.020310/0.136736
INFO:gunpowder.nodes.generic_train:Train process: iteration=94 loss=0.338410 time=0.083824
INFO:funlib.learn.tensorflow.losses.um_loss:min/max ultrametric: 0.020309/0.136728
INFO:gunpowder.nodes.generic_train:Train process: iteration=95 loss=0.338332 time=0.075852
INFO:funlib.learn.tensorflow.losses.um_loss:min/max ultrametric: 0.020307/0.136719
INFO:gunpowder.nodes.generic_train:Train process: iteration=96 loss=0.338324 time=0.080823
INFO:funlib.learn.tensorflow.losses.um_loss:min/max ultrametric: 0.020306/0.136708
INFO:gunpowder.nodes.generic_train:Train process: iteration=97 loss=0.338194 time=0.084721
INFO:funlib.learn.tensorflow.losses.um_loss:min/max ultrametric: 0.020305/0.132056
INFO:gunpowder.nodes.generic_train:Train process: iteration=98 loss=0.337999 time=0.080973
INFO:funlib.learn.tensorflow.losses.um_loss:min/max ultrametric: 0.020304/0.132065
INFO:gunpowder.nodes.generic_train:Train process: iteration=99 loss=0.338043 time=0.071999
INFO:funlib.learn.tensorflow.losses.um_loss:min/max ultrametric: 0.020302/0.132073
INFO:gunpowder.nodes.generic_train:Train process: iteration=100 loss=0.338032 time=0.085647
INFO:funlib.learn.tensorflow.losses.um_loss:min/max ultrametric: 0.020156/0.136680
INFO:gunpowder.nodes.generic_train:Train process: iteration=101 loss=0.339578 time=0.088031
INFO:funlib.learn.tensorflow.losses.um_loss:min/max ultrametric: 0.020154/0.136629
INFO:gunpowder.nodes.generic_train:Train process: iteration=102 loss=0.339585 time=0.077662
INFO:funlib.learn.tensorflow.losses.um_loss:min/max ultrametric: 0.020152/0.136581
INFO:gunpowder.nodes.generic_train:Train process: iteration=103 loss=0.339585 time=0.090123
INFO:funlib.learn.tensorflow.losses.um_loss:min/max ultrametric: 0.020150/0.136528
INFO:gunpowder.nodes.generic_train:Train process: iteration=104 loss=0.339579 time=0.085272
INFO:funlib.learn.tensorflow.losses.um_loss:min/max ultrametric: 0.020149/0.136474
INFO:gunpowder.nodes.generic_train:Train process: iteration=105 loss=0.339576 time=0.088940
INFO:funlib.learn.tensorflow.losses.um_loss:min/max ultrametric: 0.020147/0.136422
INFO:gunpowder.nodes.generic_train:Train process: iteration=106 loss=0.339611 time=0.083540
INFO:funlib.learn.tensorflow.losses.um_loss:min/max ultrametric: 0.020146/0.136372
INFO:gunpowder.nodes.generic_train:Train process: iteration=107 loss=0.339605 time=0.086280
INFO:funlib.learn.tensorflow.losses.um_loss:min/max ultrametric: 0.020145/0.136323
INFO:gunpowder.nodes.generic_train:Train process: iteration=108 loss=0.339629 time=0.095698
INFO:funlib.learn.tensorflow.losses.um_loss:min/max ultrametric: 0.020144/0.136277
INFO:gunpowder.nodes.generic_train:Train process: iteration=109 loss=0.339624 time=0.087735
INFO:funlib.learn.tensorflow.losses.um_loss:min/max ultrametric: 0.020143/0.136232
INFO:gunpowder.nodes.generic_train:Train process: iteration=110 loss=0.339597 time=0.085930
INFO:funlib.learn.tensorflow.losses.um_loss:min/max ultrametric: 0.020261/0.126252
INFO:gunpowder.nodes.generic_train:Train process: iteration=111 loss=0.338353 time=0.088021
INFO:funlib.learn.tensorflow.losses.um_loss:min/max ultrametric: 0.020262/0.126234
INFO:gunpowder.nodes.generic_train:Train process: iteration=112 loss=0.338350 time=0.086756
INFO:funlib.learn.tensorflow.losses.um_loss:min/max ultrametric: 0.020263/0.126211
INFO:gunpowder.nodes.generic_train:Train process: iteration=113 loss=0.338344 time=0.084455
INFO:funlib.learn.tensorflow.losses.um_loss:min/max ultrametric: 0.020264/0.126186
INFO:gunpowder.nodes.generic_train:Train process: iteration=114 loss=0.338375 time=0.087708
INFO:funlib.learn.tensorflow.losses.um_loss:min/max ultrametric: 0.020265/0.126157
INFO:gunpowder.nodes.generic_train:Train process: iteration=115 loss=0.338369 time=0.088627
INFO:funlib.learn.tensorflow.losses.um_loss:min/max ultrametric: 0.020266/0.126126
INFO:gunpowder.nodes.generic_train:Train process: iteration=116 loss=0.338336 time=0.091611
INFO:funlib.learn.tensorflow.losses.um_loss:min/max ultrametric: 0.020267/0.126092
INFO:gunpowder.nodes.generic_train:Train process: iteration=117 loss=0.338374 time=0.087978
INFO:funlib.learn.tensorflow.losses.um_loss:min/max ultrametric: 0.020267/0.126057
INFO:gunpowder.nodes.generic_train:Train process: iteration=118 loss=0.338366 time=0.085608
INFO:funlib.learn.tensorflow.losses.um_loss:min/max ultrametric: 0.020266/0.126019
INFO:gunpowder.nodes.generic_train:Train process: iteration=119 loss=0.338357 time=0.087596
INFO:funlib.learn.tensorflow.losses.um_loss:min/max ultrametric: 0.020265/0.125979
INFO:gunpowder.nodes.generic_train:Train process: iteration=120 loss=0.338321 time=0.078584
INFO:funlib.learn.tensorflow.losses.um_loss:min/max ultrametric: 0.020262/0.119584
INFO:gunpowder.nodes.generic_train:Train process: iteration=121 loss=0.338599 time=0.085104
INFO:funlib.learn.tensorflow.losses.um_loss:min/max ultrametric: 0.020261/0.119560
INFO:gunpowder.nodes.generic_train:Train process: iteration=122 loss=0.338605 time=0.082757
INFO:funlib.learn.tensorflow.losses.um_loss:min/max ultrametric: 0.020493/0.119528
INFO:gunpowder.nodes.generic_train:Train process: iteration=123 loss=0.338590 time=0.088926
INFO:funlib.learn.tensorflow.losses.um_loss:min/max ultrametric: 0.020495/0.119490
INFO:gunpowder.nodes.generic_train:Train process: iteration=124 loss=0.338429 time=0.089455
INFO:funlib.learn.tensorflow.losses.um_loss:min/max ultrametric: 0.020496/0.119447
INFO:gunpowder.nodes.generic_train:Train process: iteration=125 loss=0.338407 time=0.087148
INFO:funlib.learn.tensorflow.losses.um_loss:min/max ultrametric: 0.020498/0.119398
INFO:gunpowder.nodes.generic_train:Train process: iteration=126 loss=0.338326 time=0.086839
INFO:funlib.learn.tensorflow.losses.um_loss:min/max ultrametric: 0.020687/0.119346
INFO:gunpowder.nodes.generic_train:Train process: iteration=127 loss=0.338297 time=0.082796
INFO:funlib.learn.tensorflow.losses.um_loss:min/max ultrametric: 0.020686/0.119288
INFO:gunpowder.nodes.generic_train:Train process: iteration=128 loss=0.338214 time=0.087834
INFO:funlib.learn.tensorflow.losses.um_loss:min/max ultrametric: 0.020686/0.119225
INFO:gunpowder.nodes.generic_train:Train process: iteration=129 loss=0.338180 time=0.085883
INFO:funlib.learn.tensorflow.losses.um_loss:min/max ultrametric: 0.020685/0.119156
INFO:gunpowder.nodes.generic_train:Train process: iteration=130 loss=0.338144 time=0.087059
INFO:funlib.learn.tensorflow.losses.um_loss:min/max ultrametric: 0.020211/0.141036
INFO:gunpowder.nodes.generic_train:Train process: iteration=131 loss=0.339499 time=0.087524
INFO:funlib.learn.tensorflow.losses.um_loss:min/max ultrametric: 0.020211/0.140994
INFO:gunpowder.nodes.generic_train:Train process: iteration=132 loss=0.339489 time=0.073309
INFO:funlib.learn.tensorflow.losses.um_loss:min/max ultrametric: 0.020211/0.140922
INFO:gunpowder.nodes.generic_train:Train process: iteration=133 loss=0.339536 time=0.095376
INFO:funlib.learn.tensorflow.losses.um_loss:min/max ultrametric: 0.020211/0.140853
INFO:gunpowder.nodes.generic_train:Train process: iteration=134 loss=0.339530 time=0.081274
INFO:funlib.learn.tensorflow.losses.um_loss:min/max ultrametric: 0.020211/0.140790
INFO:gunpowder.nodes.generic_train:Train process: iteration=135 loss=0.339501 time=0.087220
INFO:funlib.learn.tensorflow.losses.um_loss:min/max ultrametric: 0.020211/0.140731
INFO:gunpowder.nodes.generic_train:Train process: iteration=136 loss=0.339498 time=0.085912
INFO:funlib.learn.tensorflow.losses.um_loss:min/max ultrametric: 0.020210/0.140677
INFO:gunpowder.nodes.generic_train:Train process: iteration=137 loss=0.339490 time=0.087742
INFO:funlib.learn.tensorflow.losses.um_loss:min/max ultrametric: 0.020210/0.140627
INFO:gunpowder.nodes.generic_train:Train process: iteration=138 loss=0.339480 time=0.081195
INFO:funlib.learn.tensorflow.losses.um_loss:min/max ultrametric: 0.020210/0.140580
INFO:gunpowder.nodes.generic_train:Train process: iteration=139 loss=0.339468 time=0.081213
INFO:funlib.learn.tensorflow.losses.um_loss:min/max ultrametric: 0.020209/0.140538
INFO:gunpowder.nodes.generic_train:Train process: iteration=140 loss=0.339427 time=0.083943
INFO:funlib.learn.tensorflow.losses.um_loss:min/max ultrametric: 0.020161/0.134087
INFO:gunpowder.nodes.generic_train:Train process: iteration=141 loss=0.338445 time=0.096813
INFO:funlib.learn.tensorflow.losses.um_loss:min/max ultrametric: 0.020161/0.134083
INFO:gunpowder.nodes.generic_train:Train process: iteration=142 loss=0.338098 time=0.085304
INFO:funlib.learn.tensorflow.losses.um_loss:min/max ultrametric: 0.020161/0.134079
INFO:gunpowder.nodes.generic_train:Train process: iteration=143 loss=0.338113 time=0.087089
INFO:funlib.learn.tensorflow.losses.um_loss:min/max ultrametric: 0.020161/0.134075
INFO:gunpowder.nodes.generic_train:Train process: iteration=144 loss=0.338103 time=0.085222
INFO:funlib.learn.tensorflow.losses.um_loss:min/max ultrametric: 0.020162/0.134071
INFO:gunpowder.nodes.generic_train:Train process: iteration=145 loss=0.338091 time=0.087454
INFO:funlib.learn.tensorflow.losses.um_loss:min/max ultrametric: 0.020162/0.134067
INFO:gunpowder.nodes.generic_train:Train process: iteration=146 loss=0.338086 time=0.094668
INFO:funlib.learn.tensorflow.losses.um_loss:min/max ultrametric: 0.020162/0.134062
INFO:gunpowder.nodes.generic_train:Train process: iteration=147 loss=0.338095 time=0.086742
INFO:funlib.learn.tensorflow.losses.um_loss:min/max ultrametric: 0.020163/0.134057
INFO:gunpowder.nodes.generic_train:Train process: iteration=148 loss=0.338030 time=0.083286
INFO:funlib.learn.tensorflow.losses.um_loss:min/max ultrametric: 0.020163/0.134052
INFO:gunpowder.nodes.generic_train:Train process: iteration=149 loss=0.338023 time=0.076465
INFO:funlib.learn.tensorflow.losses.um_loss:min/max ultrametric: 0.020164/0.134046
INFO:gunpowder.nodes.generic_train:Train process: iteration=150 loss=0.338009 time=0.080295
INFO:funlib.learn.tensorflow.losses.um_loss:min/max ultrametric: 0.020423/0.114087
INFO:gunpowder.nodes.generic_train:Train process: iteration=151 loss=0.338213 time=0.085649
INFO:funlib.learn.tensorflow.losses.um_loss:min/max ultrametric: 0.020421/0.114081
INFO:gunpowder.nodes.generic_train:Train process: iteration=152 loss=0.338167 time=0.086226
INFO:funlib.learn.tensorflow.losses.um_loss:min/max ultrametric: 0.020419/0.114075
INFO:gunpowder.nodes.generic_train:Train process: iteration=153 loss=0.338163 time=0.085428
INFO:funlib.learn.tensorflow.losses.um_loss:min/max ultrametric: 0.020417/0.114068
INFO:gunpowder.nodes.generic_train:Train process: iteration=154 loss=0.338126 time=0.087293
INFO:funlib.learn.tensorflow.losses.um_loss:min/max ultrametric: 0.020415/0.114060
INFO:gunpowder.nodes.generic_train:Train process: iteration=155 loss=0.338192 time=0.087913
INFO:funlib.learn.tensorflow.losses.um_loss:min/max ultrametric: 0.020413/0.114052
INFO:gunpowder.nodes.generic_train:Train process: iteration=156 loss=0.338181 time=0.087083
INFO:funlib.learn.tensorflow.losses.um_loss:min/max ultrametric: 0.020411/0.114044
INFO:gunpowder.nodes.generic_train:Train process: iteration=157 loss=0.338154 time=0.087548
INFO:funlib.learn.tensorflow.losses.um_loss:min/max ultrametric: 0.020408/0.114036
INFO:gunpowder.nodes.generic_train:Train process: iteration=158 loss=0.338143 time=0.085401
INFO:funlib.learn.tensorflow.losses.um_loss:min/max ultrametric: 0.020406/0.114027
INFO:gunpowder.nodes.generic_train:Train process: iteration=159 loss=0.338108 time=0.088891
INFO:funlib.learn.tensorflow.losses.um_loss:min/max ultrametric: 0.020404/0.114018
INFO:gunpowder.nodes.generic_train:Train process: iteration=160 loss=0.338081 time=0.088276
INFO:funlib.learn.tensorflow.losses.um_loss:min/max ultrametric: 0.020486/0.129621
INFO:gunpowder.nodes.generic_train:Train process: iteration=161 loss=0.339135 time=0.086022
INFO:funlib.learn.tensorflow.losses.um_loss:min/max ultrametric: 0.020485/0.129607
INFO:gunpowder.nodes.generic_train:Train process: iteration=162 loss=0.339242 time=0.082686
INFO:funlib.learn.tensorflow.losses.um_loss:min/max ultrametric: 0.020485/0.129593
INFO:gunpowder.nodes.generic_train:Train process: iteration=163 loss=0.339231 time=0.086658
INFO:funlib.learn.tensorflow.losses.um_loss:min/max ultrametric: 0.020484/0.129580
INFO:gunpowder.nodes.generic_train:Train process: iteration=164 loss=0.339210 time=0.081189
INFO:funlib.learn.tensorflow.losses.um_loss:min/max ultrametric: 0.020483/0.129566
INFO:gunpowder.nodes.generic_train:Train process: iteration=165 loss=0.339177 time=0.084797
INFO:funlib.learn.tensorflow.losses.um_loss:min/max ultrametric: 0.020482/0.129552
INFO:gunpowder.nodes.generic_train:Train process: iteration=166 loss=0.339164 time=0.075688
INFO:funlib.learn.tensorflow.losses.um_loss:min/max ultrametric: 0.020482/0.129538
INFO:gunpowder.nodes.generic_train:Train process: iteration=167 loss=0.339138 time=0.080382
INFO:funlib.learn.tensorflow.losses.um_loss:min/max ultrametric: 0.020481/0.129523
INFO:gunpowder.nodes.generic_train:Train process: iteration=168 loss=0.339130 time=0.084990
INFO:funlib.learn.tensorflow.losses.um_loss:min/max ultrametric: 0.020480/0.129509
INFO:gunpowder.nodes.generic_train:Train process: iteration=169 loss=0.339106 time=0.085578
INFO:funlib.learn.tensorflow.losses.um_loss:min/max ultrametric: 0.020479/0.129495
INFO:gunpowder.nodes.generic_train:Train process: iteration=170 loss=0.339087 time=0.085730
INFO:funlib.learn.tensorflow.losses.um_loss:min/max ultrametric: 0.020556/0.131374
INFO:gunpowder.nodes.generic_train:Train process: iteration=171 loss=0.338281 time=0.085388
INFO:funlib.learn.tensorflow.losses.um_loss:min/max ultrametric: 0.020551/0.131348
INFO:gunpowder.nodes.generic_train:Train process: iteration=172 loss=0.338337 time=0.080835
INFO:funlib.learn.tensorflow.losses.um_loss:min/max ultrametric: 0.020546/0.131323
INFO:gunpowder.nodes.generic_train:Train process: iteration=173 loss=0.338341 time=0.074213
INFO:funlib.learn.tensorflow.losses.um_loss:min/max ultrametric: 0.020542/0.131299
INFO:gunpowder.nodes.generic_train:Train process: iteration=174 loss=0.338304 time=0.075965
INFO:funlib.learn.tensorflow.losses.um_loss:min/max ultrametric: 0.020537/0.131277
INFO:gunpowder.nodes.generic_train:Train process: iteration=175 loss=0.338262 time=0.084744
INFO:funlib.learn.tensorflow.losses.um_loss:min/max ultrametric: 0.020533/0.131255
INFO:gunpowder.nodes.generic_train:Train process: iteration=176 loss=0.338268 time=0.085964
INFO:funlib.learn.tensorflow.losses.um_loss:min/max ultrametric: 0.020529/0.131234
INFO:gunpowder.nodes.generic_train:Train process: iteration=177 loss=0.338258 time=0.086072
INFO:funlib.learn.tensorflow.losses.um_loss:min/max ultrametric: 0.020524/0.131214
INFO:gunpowder.nodes.generic_train:Train process: iteration=178 loss=0.338206 time=0.083540
INFO:funlib.learn.tensorflow.losses.um_loss:min/max ultrametric: 0.020520/0.131194
INFO:gunpowder.nodes.generic_train:Train process: iteration=179 loss=0.338157 time=0.075138
INFO:funlib.learn.tensorflow.losses.um_loss:min/max ultrametric: 0.020516/0.131174
INFO:gunpowder.nodes.generic_train:Train process: iteration=180 loss=0.338159 time=0.073822
INFO:funlib.learn.tensorflow.losses.um_loss:min/max ultrametric: 0.020087/0.196168
INFO:gunpowder.nodes.generic_train:Train process: iteration=181 loss=0.339804 time=0.085408
INFO:funlib.learn.tensorflow.losses.um_loss:min/max ultrametric: 0.020088/0.196184
INFO:gunpowder.nodes.generic_train:Train process: iteration=182 loss=0.339775 time=0.082094
INFO:funlib.learn.tensorflow.losses.um_loss:min/max ultrametric: 0.020090/0.196191
INFO:gunpowder.nodes.generic_train:Train process: iteration=183 loss=0.339771 time=0.085868
INFO:funlib.learn.tensorflow.losses.um_loss:min/max ultrametric: 0.020091/0.196191
INFO:gunpowder.nodes.generic_train:Train process: iteration=184 loss=0.339761 time=0.083996
INFO:funlib.learn.tensorflow.losses.um_loss:min/max ultrametric: 0.020093/0.196183
INFO:gunpowder.nodes.generic_train:Train process: iteration=185 loss=0.339747 time=0.072690
INFO:funlib.learn.tensorflow.losses.um_loss:min/max ultrametric: 0.020094/0.196169
INFO:gunpowder.nodes.generic_train:Train process: iteration=186 loss=0.339736 time=0.081687
INFO:funlib.learn.tensorflow.losses.um_loss:min/max ultrametric: 0.020095/0.196150
INFO:gunpowder.nodes.generic_train:Train process: iteration=187 loss=0.339725 time=0.072968
INFO:funlib.learn.tensorflow.losses.um_loss:min/max ultrametric: 0.020096/0.196125
INFO:gunpowder.nodes.generic_train:Train process: iteration=188 loss=0.339714 time=0.074329
INFO:funlib.learn.tensorflow.losses.um_loss:min/max ultrametric: 0.020098/0.196095
INFO:gunpowder.nodes.generic_train:Train process: iteration=189 loss=0.339559 time=0.081036
INFO:funlib.learn.tensorflow.losses.um_loss:min/max ultrametric: 0.020099/0.196061
INFO:gunpowder.nodes.generic_train:Train process: iteration=190 loss=0.339546 time=0.086352
INFO:funlib.learn.tensorflow.losses.um_loss:min/max ultrametric: 0.020279/0.131559
INFO:gunpowder.nodes.generic_train:Train process: iteration=191 loss=0.336516 time=0.089982
INFO:funlib.learn.tensorflow.losses.um_loss:min/max ultrametric: 0.020280/0.131546
INFO:gunpowder.nodes.generic_train:Train process: iteration=192 loss=0.336511 time=0.085793
INFO:funlib.learn.tensorflow.losses.um_loss:min/max ultrametric: 0.020282/0.131537
INFO:gunpowder.nodes.generic_train:Train process: iteration=193 loss=0.336479 time=0.075571
INFO:funlib.learn.tensorflow.losses.um_loss:min/max ultrametric: 0.020283/0.131526
INFO:gunpowder.nodes.generic_train:Train process: iteration=194 loss=0.336457 time=0.084384
INFO:funlib.learn.tensorflow.losses.um_loss:min/max ultrametric: 0.020026/0.131516
INFO:gunpowder.nodes.generic_train:Train process: iteration=195 loss=0.336410 time=0.084386
INFO:funlib.learn.tensorflow.losses.um_loss:min/max ultrametric: 0.020025/0.131505
INFO:gunpowder.nodes.generic_train:Train process: iteration=196 loss=0.336298 time=0.087622
INFO:funlib.learn.tensorflow.losses.um_loss:min/max ultrametric: 0.020025/0.131495
INFO:gunpowder.nodes.generic_train:Train process: iteration=197 loss=0.336333 time=0.087167
INFO:funlib.learn.tensorflow.losses.um_loss:min/max ultrametric: 0.020024/0.131485
INFO:gunpowder.nodes.generic_train:Train process: iteration=198 loss=0.336320 time=0.084038
INFO:funlib.learn.tensorflow.losses.um_loss:min/max ultrametric: 0.020024/0.131476
INFO:gunpowder.nodes.generic_train:Train process: iteration=199 loss=0.336334 time=0.073818
INFO:funlib.learn.tensorflow.losses.um_loss:min/max ultrametric: 0.020024/0.131468
INFO:gunpowder.nodes.generic_train:Train process: iteration=200 loss=0.336307 time=0.086043
INFO:funlib.learn.tensorflow.losses.um_loss:min/max ultrametric: 0.020022/0.105302
INFO:gunpowder.nodes.generic_train:Train process: iteration=201 loss=0.338063 time=0.073927
INFO:funlib.learn.tensorflow.losses.um_loss:min/max ultrametric: 0.020023/0.105317
INFO:gunpowder.nodes.generic_train:Train process: iteration=202 loss=0.338101 time=0.083694
INFO:funlib.learn.tensorflow.losses.um_loss:min/max ultrametric: 0.020024/0.105330
INFO:gunpowder.nodes.generic_train:Train process: iteration=203 loss=0.338142 time=0.085484
INFO:funlib.learn.tensorflow.losses.um_loss:min/max ultrametric: 0.020024/0.105341
INFO:gunpowder.nodes.generic_train:Train process: iteration=204 loss=0.338130 time=0.083071
INFO:funlib.learn.tensorflow.losses.um_loss:min/max ultrametric: 0.020025/0.105350
INFO:gunpowder.nodes.generic_train:Train process: iteration=205 loss=0.338017 time=0.081388
INFO:funlib.learn.tensorflow.losses.um_loss:min/max ultrametric: 0.020026/0.105358
INFO:gunpowder.nodes.generic_train:Train process: iteration=206 loss=0.338060 time=0.086747
INFO:funlib.learn.tensorflow.losses.um_loss:min/max ultrametric: 0.020027/0.105364
INFO:gunpowder.nodes.generic_train:Train process: iteration=207 loss=0.338104 time=0.073164
INFO:funlib.learn.tensorflow.losses.um_loss:min/max ultrametric: 0.020028/0.105368
INFO:gunpowder.nodes.generic_train:Train process: iteration=208 loss=0.338091 time=0.080246
INFO:funlib.learn.tensorflow.losses.um_loss:min/max ultrametric: 0.020029/0.105371
INFO:gunpowder.nodes.generic_train:Train process: iteration=209 loss=0.338033 time=0.082180
INFO:funlib.learn.tensorflow.losses.um_loss:min/max ultrametric: 0.020030/0.105372
INFO:gunpowder.nodes.generic_train:Train process: iteration=210 loss=0.338075 time=0.088099
INFO:funlib.learn.tensorflow.losses.um_loss:min/max ultrametric: 0.020231/0.136199
INFO:gunpowder.nodes.generic_train:Train process: iteration=211 loss=0.340563 time=0.084064
INFO:funlib.learn.tensorflow.losses.um_loss:min/max ultrametric: 0.020233/0.136194
INFO:gunpowder.nodes.generic_train:Train process: iteration=212 loss=0.340548 time=0.086909
INFO:funlib.learn.tensorflow.losses.um_loss:min/max ultrametric: 0.020234/0.136183
INFO:gunpowder.nodes.generic_train:Train process: iteration=213 loss=0.340540 time=0.094569
INFO:funlib.learn.tensorflow.losses.um_loss:min/max ultrametric: 0.020235/0.136167
INFO:gunpowder.nodes.generic_train:Train process: iteration=214 loss=0.340527 time=0.083243
INFO:funlib.learn.tensorflow.losses.um_loss:min/max ultrametric: 0.020236/0.136148
INFO:gunpowder.nodes.generic_train:Train process: iteration=215 loss=0.340528 time=0.086368
INFO:funlib.learn.tensorflow.losses.um_loss:min/max ultrametric: 0.020237/0.136124
INFO:gunpowder.nodes.generic_train:Train process: iteration=216 loss=0.340427 time=0.084682
INFO:funlib.learn.tensorflow.losses.um_loss:min/max ultrametric: 0.020238/0.136099
INFO:gunpowder.nodes.generic_train:Train process: iteration=217 loss=0.340392 time=0.085708
INFO:funlib.learn.tensorflow.losses.um_loss:min/max ultrametric: 0.020239/0.136072
INFO:gunpowder.nodes.generic_train:Train process: iteration=218 loss=0.340450 time=0.084188
INFO:funlib.learn.tensorflow.losses.um_loss:min/max ultrametric: 0.020239/0.136044
INFO:gunpowder.nodes.generic_train:Train process: iteration=219 loss=0.340341 time=0.075987
INFO:funlib.learn.tensorflow.losses.um_loss:min/max ultrametric: 0.020240/0.136013
INFO:gunpowder.nodes.generic_train:Train process: iteration=220 loss=0.340334 time=0.085742
INFO:funlib.learn.tensorflow.losses.um_loss:min/max ultrametric: 0.020230/0.133740
INFO:gunpowder.nodes.generic_train:Train process: iteration=221 loss=0.337431 time=0.080770
INFO:funlib.learn.tensorflow.losses.um_loss:min/max ultrametric: 0.020231/0.133714
INFO:gunpowder.nodes.generic_train:Train process: iteration=222 loss=0.337248 time=0.085478
INFO:funlib.learn.tensorflow.losses.um_loss:min/max ultrametric: 0.020231/0.133689
INFO:gunpowder.nodes.generic_train:Train process: iteration=223 loss=0.337245 time=0.083882
INFO:funlib.learn.tensorflow.losses.um_loss:min/max ultrametric: 0.020232/0.133666
INFO:gunpowder.nodes.generic_train:Train process: iteration=224 loss=0.337234 time=0.094336
INFO:funlib.learn.tensorflow.losses.um_loss:min/max ultrametric: 0.020232/0.133644
INFO:gunpowder.nodes.generic_train:Train process: iteration=225 loss=0.337245 time=0.082625
INFO:funlib.learn.tensorflow.losses.um_loss:min/max ultrametric: 0.020233/0.133623
INFO:gunpowder.nodes.generic_train:Train process: iteration=226 loss=0.337234 time=0.074912
INFO:funlib.learn.tensorflow.losses.um_loss:min/max ultrametric: 0.020233/0.133603
INFO:gunpowder.nodes.generic_train:Train process: iteration=227 loss=0.337178 time=0.085665
INFO:funlib.learn.tensorflow.losses.um_loss:min/max ultrametric: 0.020233/0.133590
INFO:gunpowder.nodes.generic_train:Train process: iteration=228 loss=0.337072 time=0.080386
INFO:funlib.learn.tensorflow.losses.um_loss:min/max ultrametric: 0.020233/0.133577
INFO:gunpowder.nodes.generic_train:Train process: iteration=229 loss=0.337079 time=0.082672
INFO:funlib.learn.tensorflow.losses.um_loss:min/max ultrametric: 0.020233/0.133567
INFO:gunpowder.nodes.generic_train:Train process: iteration=230 loss=0.337066 time=0.083860
INFO:funlib.learn.tensorflow.losses.um_loss:min/max ultrametric: 0.020311/0.121399
INFO:gunpowder.nodes.generic_train:Train process: iteration=231 loss=0.338752 time=0.082529
INFO:funlib.learn.tensorflow.losses.um_loss:min/max ultrametric: 0.020309/0.121370
INFO:gunpowder.nodes.generic_train:Train process: iteration=232 loss=0.338712 time=0.082961
INFO:funlib.learn.tensorflow.losses.um_loss:min/max ultrametric: 0.020306/0.121340
INFO:gunpowder.nodes.generic_train:Train process: iteration=233 loss=0.338701 time=0.079958
INFO:funlib.learn.tensorflow.losses.um_loss:min/max ultrametric: 0.020303/0.121307
INFO:gunpowder.nodes.generic_train:Train process: iteration=234 loss=0.338583 time=0.073756
INFO:funlib.learn.tensorflow.losses.um_loss:min/max ultrametric: 0.020300/0.121273
INFO:gunpowder.nodes.generic_train:Train process: iteration=235 loss=0.338546 time=0.080054
INFO:funlib.learn.tensorflow.losses.um_loss:min/max ultrametric: 0.020298/0.121236
INFO:gunpowder.nodes.generic_train:Train process: iteration=236 loss=0.338538 time=0.081987
INFO:funlib.learn.tensorflow.losses.um_loss:min/max ultrametric: 0.020295/0.121198
INFO:gunpowder.nodes.generic_train:Train process: iteration=237 loss=0.338673 time=0.086308
INFO:funlib.learn.tensorflow.losses.um_loss:min/max ultrametric: 0.020292/0.121159
INFO:gunpowder.nodes.generic_train:Train process: iteration=238 loss=0.338661 time=0.081494
INFO:funlib.learn.tensorflow.losses.um_loss:min/max ultrametric: 0.020290/0.121119
INFO:gunpowder.nodes.generic_train:Train process: iteration=239 loss=0.338649 time=0.081204
INFO:funlib.learn.tensorflow.losses.um_loss:min/max ultrametric: 0.020287/0.121078
INFO:gunpowder.nodes.generic_train:Train process: iteration=240 loss=0.338674 time=0.082386
INFO:funlib.learn.tensorflow.losses.um_loss:min/max ultrametric: 0.020590/0.113623
INFO:gunpowder.nodes.generic_train:Train process: iteration=241 loss=0.338298 time=0.082391
INFO:funlib.learn.tensorflow.losses.um_loss:min/max ultrametric: 0.020589/0.113617
INFO:gunpowder.nodes.generic_train:Train process: iteration=242 loss=0.338295 time=0.078233
INFO:funlib.learn.tensorflow.losses.um_loss:min/max ultrametric: 0.020589/0.113605
INFO:gunpowder.nodes.generic_train:Train process: iteration=243 loss=0.338277 time=0.081123
INFO:funlib.learn.tensorflow.losses.um_loss:min/max ultrametric: 0.020590/0.113588
INFO:gunpowder.nodes.generic_train:Train process: iteration=244 loss=0.338253 time=0.079360
INFO:funlib.learn.tensorflow.losses.um_loss:min/max ultrametric: 0.020591/0.113566
INFO:gunpowder.nodes.generic_train:Train process: iteration=245 loss=0.338226 time=0.074789
INFO:funlib.learn.tensorflow.losses.um_loss:min/max ultrametric: 0.020732/0.113539
INFO:gunpowder.nodes.generic_train:Train process: iteration=246 loss=0.338185 time=0.078794
INFO:funlib.learn.tensorflow.losses.um_loss:min/max ultrametric: 0.020725/0.113508
INFO:gunpowder.nodes.generic_train:Train process: iteration=247 loss=0.338150 time=0.080363
INFO:funlib.learn.tensorflow.losses.um_loss:min/max ultrametric: 0.020718/0.113472
INFO:gunpowder.nodes.generic_train:Train process: iteration=248 loss=0.338167 time=0.080063
INFO:funlib.learn.tensorflow.losses.um_loss:min/max ultrametric: 0.020710/0.113433
INFO:gunpowder.nodes.generic_train:Train process: iteration=249 loss=0.338058 time=0.075017
INFO:funlib.learn.tensorflow.losses.um_loss:min/max ultrametric: 0.020702/0.122903
INFO:gunpowder.nodes.generic_train:Train process: iteration=250 loss=0.338473 time=0.081073
INFO:funlib.learn.tensorflow.losses.um_loss:min/max ultrametric: 0.020802/0.110482
INFO:gunpowder.nodes.generic_train:Train process: iteration=251 loss=0.337537 time=0.081425
INFO:funlib.learn.tensorflow.losses.um_loss:min/max ultrametric: 0.020802/0.110490
INFO:gunpowder.nodes.generic_train:Train process: iteration=252 loss=0.337526 time=0.073040
INFO:funlib.learn.tensorflow.losses.um_loss:min/max ultrametric: 0.020803/0.110493
INFO:gunpowder.nodes.generic_train:Train process: iteration=253 loss=0.337511 time=0.080293
INFO:funlib.learn.tensorflow.losses.um_loss:min/max ultrametric: 0.020804/0.110494
INFO:gunpowder.nodes.generic_train:Train process: iteration=254 loss=0.337528 time=0.081163
INFO:funlib.learn.tensorflow.losses.um_loss:min/max ultrametric: 0.020803/0.110941
INFO:gunpowder.nodes.generic_train:Train process: iteration=255 loss=0.337510 time=0.079847
INFO:funlib.learn.tensorflow.losses.um_loss:min/max ultrametric: 0.020803/0.110910
INFO:gunpowder.nodes.generic_train:Train process: iteration=256 loss=0.337507 time=0.081710
INFO:funlib.learn.tensorflow.losses.um_loss:min/max ultrametric: 0.020802/0.110876
INFO:gunpowder.nodes.generic_train:Train process: iteration=257 loss=0.337486 time=0.083871
INFO:funlib.learn.tensorflow.losses.um_loss:min/max ultrametric: 0.020801/0.110837
INFO:gunpowder.nodes.generic_train:Train process: iteration=258 loss=0.337483 time=0.080898
INFO:funlib.learn.tensorflow.losses.um_loss:min/max ultrametric: 0.020800/0.110794
INFO:gunpowder.nodes.generic_train:Train process: iteration=259 loss=0.337494 time=0.080325
INFO:funlib.learn.tensorflow.losses.um_loss:min/max ultrametric: 0.020799/0.110748
INFO:gunpowder.nodes.generic_train:Train process: iteration=260 loss=0.337508 time=0.080455
INFO:funlib.learn.tensorflow.losses.um_loss:min/max ultrametric: 0.021720/0.119407
INFO:gunpowder.nodes.generic_train:Train process: iteration=261 loss=0.337444 time=0.084093
INFO:funlib.learn.tensorflow.losses.um_loss:min/max ultrametric: 0.021725/0.119413
INFO:gunpowder.nodes.generic_train:Train process: iteration=262 loss=0.337396 time=0.083187
INFO:funlib.learn.tensorflow.losses.um_loss:min/max ultrametric: 0.021728/0.119419
INFO:gunpowder.nodes.generic_train:Train process: iteration=263 loss=0.337292 time=0.082069
INFO:funlib.learn.tensorflow.losses.um_loss:min/max ultrametric: 0.021731/0.119427
INFO:gunpowder.nodes.generic_train:Train process: iteration=264 loss=0.337312 time=0.084420
INFO:funlib.learn.tensorflow.losses.um_loss:min/max ultrametric: 0.021733/0.119436
INFO:gunpowder.nodes.generic_train:Train process: iteration=265 loss=0.337245 time=0.077426
INFO:funlib.learn.tensorflow.losses.um_loss:min/max ultrametric: 0.021735/0.119447
INFO:gunpowder.nodes.generic_train:Train process: iteration=266 loss=0.337271 time=0.080570
INFO:funlib.learn.tensorflow.losses.um_loss:min/max ultrametric: 0.021736/0.119459
INFO:gunpowder.nodes.generic_train:Train process: iteration=267 loss=0.337405 time=0.082269
INFO:funlib.learn.tensorflow.losses.um_loss:min/max ultrametric: 0.021736/0.119472
INFO:gunpowder.nodes.generic_train:Train process: iteration=268 loss=0.337390 time=0.081895
INFO:funlib.learn.tensorflow.losses.um_loss:min/max ultrametric: 0.021736/0.119486
INFO:gunpowder.nodes.generic_train:Train process: iteration=269 loss=0.337319 time=0.077569
INFO:funlib.learn.tensorflow.losses.um_loss:min/max ultrametric: 0.021736/0.119501
INFO:gunpowder.nodes.generic_train:Train process: iteration=270 loss=0.337247 time=0.081482
INFO:funlib.learn.tensorflow.losses.um_loss:min/max ultrametric: 0.020333/0.119022
INFO:gunpowder.nodes.generic_train:Train process: iteration=271 loss=0.338535 time=0.080005
INFO:funlib.learn.tensorflow.losses.um_loss:min/max ultrametric: 0.020332/0.119022
INFO:gunpowder.nodes.generic_train:Train process: iteration=272 loss=0.338497 time=0.080068
INFO:funlib.learn.tensorflow.losses.um_loss:min/max ultrametric: 0.020331/0.119018
INFO:gunpowder.nodes.generic_train:Train process: iteration=273 loss=0.338543 time=0.079379
INFO:funlib.learn.tensorflow.losses.um_loss:min/max ultrametric: 0.020331/0.119010
INFO:gunpowder.nodes.generic_train:Train process: iteration=274 loss=0.338508 time=0.077719
INFO:funlib.learn.tensorflow.losses.um_loss:min/max ultrametric: 0.020330/0.119000
INFO:gunpowder.nodes.generic_train:Train process: iteration=275 loss=0.338499 time=0.079338
INFO:funlib.learn.tensorflow.losses.um_loss:min/max ultrametric: 0.020329/0.118988
INFO:gunpowder.nodes.generic_train:Train process: iteration=276 loss=0.338485 time=0.081454
INFO:funlib.learn.tensorflow.losses.um_loss:min/max ultrametric: 0.020328/0.118973
INFO:gunpowder.nodes.generic_train:Train process: iteration=277 loss=0.338473 time=0.074119
INFO:funlib.learn.tensorflow.losses.um_loss:min/max ultrametric: 0.020327/0.118955
INFO:gunpowder.nodes.generic_train:Train process: iteration=278 loss=0.338345 time=0.079003
INFO:funlib.learn.tensorflow.losses.um_loss:min/max ultrametric: 0.020326/0.118936
INFO:gunpowder.nodes.generic_train:Train process: iteration=279 loss=0.338350 time=0.076237
INFO:funlib.learn.tensorflow.losses.um_loss:min/max ultrametric: 0.020325/0.118915
INFO:gunpowder.nodes.generic_train:Train process: iteration=280 loss=0.338221 time=0.078596
INFO:funlib.learn.tensorflow.losses.um_loss:min/max ultrametric: 0.020084/0.121173
INFO:gunpowder.nodes.generic_train:Train process: iteration=281 loss=0.336622 time=0.077235
INFO:funlib.learn.tensorflow.losses.um_loss:min/max ultrametric: 0.020083/0.121153
INFO:gunpowder.nodes.generic_train:Train process: iteration=282 loss=0.336612 time=0.071280
INFO:funlib.learn.tensorflow.losses.um_loss:min/max ultrametric: 0.020082/0.121133
INFO:gunpowder.nodes.generic_train:Train process: iteration=283 loss=0.336557 time=0.077107
INFO:funlib.learn.tensorflow.losses.um_loss:min/max ultrametric: 0.020080/0.121111
INFO:gunpowder.nodes.generic_train:Train process: iteration=284 loss=0.336523 time=0.077813
INFO:funlib.learn.tensorflow.losses.um_loss:min/max ultrametric: 0.020079/0.121089
INFO:gunpowder.nodes.generic_train:Train process: iteration=285 loss=0.336511 time=0.077890
INFO:funlib.learn.tensorflow.losses.um_loss:min/max ultrametric: 0.020078/0.121065
INFO:gunpowder.nodes.generic_train:Train process: iteration=286 loss=0.336475 time=0.075877
INFO:funlib.learn.tensorflow.losses.um_loss:min/max ultrametric: 0.020076/0.121040
INFO:gunpowder.nodes.generic_train:Train process: iteration=287 loss=0.336580 time=0.078065
INFO:funlib.learn.tensorflow.losses.um_loss:min/max ultrametric: 0.020075/0.121012
INFO:gunpowder.nodes.generic_train:Train process: iteration=288 loss=0.336563 time=0.077238
INFO:funlib.learn.tensorflow.losses.um_loss:min/max ultrametric: 0.020074/0.120983
INFO:gunpowder.nodes.generic_train:Train process: iteration=289 loss=0.336567 time=0.072987
INFO:funlib.learn.tensorflow.losses.um_loss:min/max ultrametric: 0.020072/0.148668
INFO:gunpowder.nodes.generic_train:Train process: iteration=290 loss=0.336695 time=0.076212
INFO:funlib.learn.tensorflow.losses.um_loss:min/max ultrametric: 0.020164/0.126719
INFO:gunpowder.nodes.generic_train:Train process: iteration=291 loss=0.337789 time=0.069384
INFO:funlib.learn.tensorflow.losses.um_loss:min/max ultrametric: 0.020165/0.126710
INFO:gunpowder.nodes.generic_train:Train process: iteration=292 loss=0.337721 time=0.078188
INFO:funlib.learn.tensorflow.losses.um_loss:min/max ultrametric: 0.020165/0.126698
INFO:gunpowder.nodes.generic_train:Train process: iteration=293 loss=0.337707 time=0.076842
INFO:funlib.learn.tensorflow.losses.um_loss:min/max ultrametric: 0.020166/0.126685
INFO:gunpowder.nodes.generic_train:Train process: iteration=294 loss=0.337729 time=0.080250
INFO:funlib.learn.tensorflow.losses.um_loss:min/max ultrametric: 0.020166/0.126672
INFO:gunpowder.nodes.generic_train:Train process: iteration=295 loss=0.337745 time=0.078000
INFO:funlib.learn.tensorflow.losses.um_loss:min/max ultrametric: 0.020166/0.126658
INFO:gunpowder.nodes.generic_train:Train process: iteration=296 loss=0.337733 time=0.076764
INFO:funlib.learn.tensorflow.losses.um_loss:min/max ultrametric: 0.020167/0.126647
INFO:gunpowder.nodes.generic_train:Train process: iteration=297 loss=0.337618 time=0.079047
INFO:funlib.learn.tensorflow.losses.um_loss:min/max ultrametric: 0.020167/0.126637
INFO:gunpowder.nodes.generic_train:Train process: iteration=298 loss=0.337575 time=0.076505
INFO:funlib.learn.tensorflow.losses.um_loss:min/max ultrametric: 0.020167/0.126629
INFO:gunpowder.nodes.generic_train:Train process: iteration=299 loss=0.337560 time=0.076619
INFO:funlib.learn.tensorflow.losses.um_loss:min/max ultrametric: 0.020168/0.126623
INFO:gunpowder.nodes.generic_train:Train process: iteration=300 loss=0.337380 time=0.075068
INFO:funlib.learn.tensorflow.losses.um_loss:min/max ultrametric: 0.020516/0.117522
INFO:gunpowder.nodes.generic_train:Train process: iteration=301 loss=0.337304 time=0.075119
INFO:funlib.learn.tensorflow.losses.um_loss:min/max ultrametric: 0.020515/0.117531
INFO:gunpowder.nodes.generic_train:Train process: iteration=302 loss=0.337266 time=0.077942
INFO:funlib.learn.tensorflow.losses.um_loss:min/max ultrametric: 0.020514/0.117538
INFO:gunpowder.nodes.generic_train:Train process: iteration=303 loss=0.337072 time=0.077158
INFO:funlib.learn.tensorflow.losses.um_loss:min/max ultrametric: 0.020512/0.117543
INFO:gunpowder.nodes.generic_train:Train process: iteration=304 loss=0.337222 time=0.073190
INFO:funlib.learn.tensorflow.losses.um_loss:min/max ultrametric: 0.020510/0.117547
INFO:gunpowder.nodes.generic_train:Train process: iteration=305 loss=0.337185 time=0.075898
INFO:funlib.learn.tensorflow.losses.um_loss:min/max ultrametric: 0.020507/0.117548
INFO:gunpowder.nodes.generic_train:Train process: iteration=306 loss=0.337267 time=0.075959
INFO:funlib.learn.tensorflow.losses.um_loss:min/max ultrametric: 0.020505/0.117547
INFO:gunpowder.nodes.generic_train:Train process: iteration=307 loss=0.337358 time=0.073259
INFO:funlib.learn.tensorflow.losses.um_loss:min/max ultrametric: 0.020502/0.117546
INFO:gunpowder.nodes.generic_train:Train process: iteration=308 loss=0.337369 time=0.075570
INFO:funlib.learn.tensorflow.losses.um_loss:min/max ultrametric: 0.020500/0.117545
INFO:gunpowder.nodes.generic_train:Train process: iteration=309 loss=0.337346 time=0.074270
INFO:funlib.learn.tensorflow.losses.um_loss:min/max ultrametric: 0.020497/0.117543
INFO:gunpowder.nodes.generic_train:Train process: iteration=310 loss=0.337315 time=0.071138
INFO:funlib.learn.tensorflow.losses.um_loss:min/max ultrametric: 0.022009/0.122116
INFO:gunpowder.nodes.generic_train:Train process: iteration=311 loss=0.337319 time=0.077228
INFO:funlib.learn.tensorflow.losses.um_loss:min/max ultrametric: 0.022011/0.122133
INFO:gunpowder.nodes.generic_train:Train process: iteration=312 loss=0.337067 time=0.076321
INFO:funlib.learn.tensorflow.losses.um_loss:min/max ultrametric: 0.022013/0.122147
INFO:gunpowder.nodes.generic_train:Train process: iteration=313 loss=0.337182 time=0.075022
INFO:funlib.learn.tensorflow.losses.um_loss:min/max ultrametric: 0.022015/0.122158
INFO:gunpowder.nodes.generic_train:Train process: iteration=314 loss=0.337224 time=0.070065
INFO:funlib.learn.tensorflow.losses.um_loss:min/max ultrametric: 0.022018/0.122166
INFO:gunpowder.nodes.generic_train:Train process: iteration=315 loss=0.337221 time=0.074719
INFO:funlib.learn.tensorflow.losses.um_loss:min/max ultrametric: 0.022020/0.122172
INFO:gunpowder.nodes.generic_train:Train process: iteration=316 loss=0.337118 time=0.076001
INFO:funlib.learn.tensorflow.losses.um_loss:min/max ultrametric: 0.022022/0.122168
INFO:gunpowder.nodes.generic_train:Train process: iteration=317 loss=0.337036 time=0.074081
INFO:funlib.learn.tensorflow.losses.um_loss:min/max ultrametric: 0.022023/0.122157
INFO:gunpowder.nodes.generic_train:Train process: iteration=318 loss=0.337001 time=0.071975
INFO:funlib.learn.tensorflow.losses.um_loss:min/max ultrametric: 0.022024/0.122138
INFO:gunpowder.nodes.generic_train:Train process: iteration=319 loss=0.337007 time=0.070903
INFO:funlib.learn.tensorflow.losses.um_loss:min/max ultrametric: 0.022025/0.122111
INFO:gunpowder.nodes.generic_train:Train process: iteration=320 loss=0.336984 time=0.069459
INFO:funlib.learn.tensorflow.losses.um_loss:min/max ultrametric: 0.021518/0.122703
INFO:gunpowder.nodes.generic_train:Train process: iteration=321 loss=0.331989 time=0.069319
INFO:funlib.learn.tensorflow.losses.um_loss:min/max ultrametric: 0.021519/0.122711
INFO:gunpowder.nodes.generic_train:Train process: iteration=322 loss=0.332058 time=0.066700
INFO:funlib.learn.tensorflow.losses.um_loss:min/max ultrametric: 0.021520/0.122717
INFO:gunpowder.nodes.generic_train:Train process: iteration=323 loss=0.332045 time=0.068539
INFO:funlib.learn.tensorflow.losses.um_loss:min/max ultrametric: 0.021523/0.122724
INFO:gunpowder.nodes.generic_train:Train process: iteration=324 loss=0.332105 time=0.082464
INFO:funlib.learn.tensorflow.losses.um_loss:min/max ultrametric: 0.021526/0.122732
INFO:gunpowder.nodes.generic_train:Train process: iteration=325 loss=0.332074 time=0.069875
INFO:funlib.learn.tensorflow.losses.um_loss:min/max ultrametric: 0.021530/0.122741
INFO:gunpowder.nodes.generic_train:Train process: iteration=326 loss=0.332138 time=0.069496
INFO:funlib.learn.tensorflow.losses.um_loss:min/max ultrametric: 0.021535/0.122752
INFO:gunpowder.nodes.generic_train:Train process: iteration=327 loss=0.332350 time=0.074028
INFO:funlib.learn.tensorflow.losses.um_loss:min/max ultrametric: 0.021541/0.122763
INFO:gunpowder.nodes.generic_train:Train process: iteration=328 loss=0.332330 time=0.074124
INFO:funlib.learn.tensorflow.losses.um_loss:min/max ultrametric: 0.021547/0.122774
INFO:gunpowder.nodes.generic_train:Train process: iteration=329 loss=0.332133 time=0.072693
INFO:funlib.learn.tensorflow.losses.um_loss:min/max ultrametric: 0.021554/0.122784
INFO:gunpowder.nodes.generic_train:Train process: iteration=330 loss=0.331944 time=0.072700
INFO:funlib.learn.tensorflow.losses.um_loss:min/max ultrametric: 0.022959/0.119928
INFO:gunpowder.nodes.generic_train:Train process: iteration=331 loss=0.334676 time=0.075304
INFO:funlib.learn.tensorflow.losses.um_loss:min/max ultrametric: 0.022951/0.119876
INFO:gunpowder.nodes.generic_train:Train process: iteration=332 loss=0.334674 time=0.073191
INFO:funlib.learn.tensorflow.losses.um_loss:min/max ultrametric: 0.022943/0.119825
INFO:gunpowder.nodes.generic_train:Train process: iteration=333 loss=0.334623 time=0.075876
INFO:funlib.learn.tensorflow.losses.um_loss:min/max ultrametric: 0.022935/0.119776
INFO:gunpowder.nodes.generic_train:Train process: iteration=334 loss=0.334494 time=0.069673
INFO:funlib.learn.tensorflow.losses.um_loss:min/max ultrametric: 0.022927/0.119731
INFO:gunpowder.nodes.generic_train:Train process: iteration=335 loss=0.334345 time=0.070395
INFO:funlib.learn.tensorflow.losses.um_loss:min/max ultrametric: 0.022919/0.119689
INFO:gunpowder.nodes.generic_train:Train process: iteration=336 loss=0.334271 time=0.070479
INFO:funlib.learn.tensorflow.losses.um_loss:min/max ultrametric: 0.022911/0.119653
INFO:gunpowder.nodes.generic_train:Train process: iteration=337 loss=0.333932 time=0.078511
INFO:funlib.learn.tensorflow.losses.um_loss:min/max ultrametric: 0.022946/0.119619
INFO:gunpowder.nodes.generic_train:Train process: iteration=338 loss=0.333919 time=0.074037
INFO:funlib.learn.tensorflow.losses.um_loss:min/max ultrametric: 0.022944/0.119584
INFO:gunpowder.nodes.generic_train:Train process: iteration=339 loss=0.333948 time=0.078773
INFO:funlib.learn.tensorflow.losses.um_loss:min/max ultrametric: 0.022942/0.119546
INFO:gunpowder.nodes.generic_train:Train process: iteration=340 loss=0.333788 time=0.073503
INFO:funlib.learn.tensorflow.losses.um_loss:min/max ultrametric: 0.020409/0.110249
INFO:gunpowder.nodes.generic_train:Train process: iteration=341 loss=0.335969 time=0.069211
INFO:funlib.learn.tensorflow.losses.um_loss:min/max ultrametric: 0.020407/0.104799
INFO:gunpowder.nodes.generic_train:Train process: iteration=342 loss=0.335960 time=0.081338
INFO:funlib.learn.tensorflow.losses.um_loss:min/max ultrametric: 0.020405/0.131566
INFO:gunpowder.nodes.generic_train:Train process: iteration=343 loss=0.335963 time=0.074442
INFO:funlib.learn.tensorflow.losses.um_loss:min/max ultrametric: 0.020403/0.132618
INFO:gunpowder.nodes.generic_train:Train process: iteration=344 loss=0.334865 time=0.075951
INFO:funlib.learn.tensorflow.losses.um_loss:min/max ultrametric: 0.020401/0.132712
INFO:gunpowder.nodes.generic_train:Train process: iteration=345 loss=0.334834 time=0.073122
INFO:funlib.learn.tensorflow.losses.um_loss:min/max ultrametric: 0.020399/0.132821
INFO:gunpowder.nodes.generic_train:Train process: iteration=346 loss=0.334814 time=0.068952
INFO:funlib.learn.tensorflow.losses.um_loss:min/max ultrametric: 0.020397/0.132943
INFO:gunpowder.nodes.generic_train:Train process: iteration=347 loss=0.334820 time=0.074156
INFO:funlib.learn.tensorflow.losses.um_loss:min/max ultrametric: 0.020395/0.133077
INFO:gunpowder.nodes.generic_train:Train process: iteration=348 loss=0.334809 time=0.074714
INFO:funlib.learn.tensorflow.losses.um_loss:min/max ultrametric: 0.020393/0.133222
INFO:gunpowder.nodes.generic_train:Train process: iteration=349 loss=0.334514 time=0.069715
INFO:funlib.learn.tensorflow.losses.um_loss:min/max ultrametric: 0.020389/0.133378
INFO:gunpowder.nodes.generic_train:Train process: iteration=350 loss=0.334516 time=0.074236
INFO:funlib.learn.tensorflow.losses.um_loss:min/max ultrametric: 0.020586/0.145517
INFO:gunpowder.nodes.generic_train:Train process: iteration=351 loss=0.334146 time=0.067602
INFO:funlib.learn.tensorflow.losses.um_loss:min/max ultrametric: 0.020587/0.145484
INFO:gunpowder.nodes.generic_train:Train process: iteration=352 loss=0.334162 time=0.067639
INFO:funlib.learn.tensorflow.losses.um_loss:min/max ultrametric: 0.020588/0.145449
INFO:gunpowder.nodes.generic_train:Train process: iteration=353 loss=0.334355 time=0.070376
INFO:funlib.learn.tensorflow.losses.um_loss:min/max ultrametric: 0.020589/0.145413
INFO:gunpowder.nodes.generic_train:Train process: iteration=354 loss=0.334343 time=0.072596
INFO:funlib.learn.tensorflow.losses.um_loss:min/max ultrametric: 0.020591/0.145375
INFO:gunpowder.nodes.generic_train:Train process: iteration=355 loss=0.334294 time=0.072539
INFO:funlib.learn.tensorflow.losses.um_loss:min/max ultrametric: 0.020593/0.145335
INFO:gunpowder.nodes.generic_train:Train process: iteration=356 loss=0.334054 time=0.069133
INFO:funlib.learn.tensorflow.losses.um_loss:min/max ultrametric: 0.020595/0.145294
INFO:gunpowder.nodes.generic_train:Train process: iteration=357 loss=0.331370 time=0.070652
INFO:funlib.learn.tensorflow.losses.um_loss:min/max ultrametric: 0.020596/0.146214
INFO:gunpowder.nodes.generic_train:Train process: iteration=358 loss=0.330874 time=0.077685
INFO:funlib.learn.tensorflow.losses.um_loss:min/max ultrametric: 0.020596/0.146216
INFO:gunpowder.nodes.generic_train:Train process: iteration=359 loss=0.331139 time=0.067310
INFO:funlib.learn.tensorflow.losses.um_loss:min/max ultrametric: 0.020597/0.146218
INFO:gunpowder.nodes.generic_train:Train process: iteration=360 loss=0.331210 time=0.065857
INFO:funlib.learn.tensorflow.losses.um_loss:min/max ultrametric: 0.021154/0.144821
INFO:gunpowder.nodes.generic_train:Train process: iteration=361 loss=0.333658 time=0.068614
INFO:funlib.learn.tensorflow.losses.um_loss:min/max ultrametric: 0.021136/0.144815
INFO:gunpowder.nodes.generic_train:Train process: iteration=362 loss=0.333653 time=0.065796
INFO:funlib.learn.tensorflow.losses.um_loss:min/max ultrametric: 0.021120/0.144810
INFO:gunpowder.nodes.generic_train:Train process: iteration=363 loss=0.333120 time=0.067767
INFO:funlib.learn.tensorflow.losses.um_loss:min/max ultrametric: 0.021106/0.144805
INFO:gunpowder.nodes.generic_train:Train process: iteration=364 loss=0.333075 time=0.069831
INFO:funlib.learn.tensorflow.losses.um_loss:min/max ultrametric: 0.021094/0.144802
INFO:gunpowder.nodes.generic_train:Train process: iteration=365 loss=0.333084 time=0.069278
INFO:funlib.learn.tensorflow.losses.um_loss:min/max ultrametric: 0.021085/0.144799
INFO:gunpowder.nodes.generic_train:Train process: iteration=366 loss=0.333900 time=0.064991
INFO:funlib.learn.tensorflow.losses.um_loss:min/max ultrametric: 0.021078/0.144796
INFO:gunpowder.nodes.generic_train:Train process: iteration=367 loss=0.333833 time=0.066449
INFO:funlib.learn.tensorflow.losses.um_loss:min/max ultrametric: 0.021072/0.144794
INFO:gunpowder.nodes.generic_train:Train process: iteration=368 loss=0.333787 time=0.069937
INFO:funlib.learn.tensorflow.losses.um_loss:min/max ultrametric: 0.021066/0.144792
INFO:gunpowder.nodes.generic_train:Train process: iteration=369 loss=0.334133 time=0.068997
INFO:funlib.learn.tensorflow.losses.um_loss:min/max ultrametric: 0.021062/0.144790
INFO:gunpowder.nodes.generic_train:Train process: iteration=370 loss=0.333784 time=0.068168
INFO:funlib.learn.tensorflow.losses.um_loss:min/max ultrametric: 0.021059/0.138910
INFO:gunpowder.nodes.generic_train:Train process: iteration=371 loss=0.332175 time=0.065933
INFO:funlib.learn.tensorflow.losses.um_loss:min/max ultrametric: 0.021197/0.138919
INFO:gunpowder.nodes.generic_train:Train process: iteration=372 loss=0.332463 time=0.065987
INFO:funlib.learn.tensorflow.losses.um_loss:min/max ultrametric: 0.021201/0.138929
INFO:gunpowder.nodes.generic_train:Train process: iteration=373 loss=0.332936 time=0.068138
INFO:funlib.learn.tensorflow.losses.um_loss:min/max ultrametric: 0.021204/0.138940
INFO:gunpowder.nodes.generic_train:Train process: iteration=374 loss=0.333036 time=0.069878
INFO:funlib.learn.tensorflow.losses.um_loss:min/max ultrametric: 0.021206/0.138952
INFO:gunpowder.nodes.generic_train:Train process: iteration=375 loss=0.332426 time=0.068653
INFO:funlib.learn.tensorflow.losses.um_loss:min/max ultrametric: 0.021207/0.128748
INFO:gunpowder.nodes.generic_train:Train process: iteration=376 loss=0.332453 time=0.070556
INFO:funlib.learn.tensorflow.losses.um_loss:min/max ultrametric: 0.021209/0.128752
INFO:gunpowder.nodes.generic_train:Train process: iteration=377 loss=0.330799 time=0.069668
INFO:funlib.learn.tensorflow.losses.um_loss:min/max ultrametric: 0.021211/0.128753
INFO:gunpowder.nodes.generic_train:Train process: iteration=378 loss=0.330864 time=0.069670
INFO:funlib.learn.tensorflow.losses.um_loss:min/max ultrametric: 0.021215/0.128753
INFO:gunpowder.nodes.generic_train:Train process: iteration=379 loss=0.331575 time=0.069352
INFO:funlib.learn.tensorflow.losses.um_loss:min/max ultrametric: 0.021217/0.128753
INFO:gunpowder.nodes.generic_train:Train process: iteration=380 loss=0.331883 time=0.069648
INFO:funlib.learn.tensorflow.losses.um_loss:min/max ultrametric: 0.023891/0.139212
INFO:gunpowder.nodes.generic_train:Train process: iteration=381 loss=0.331165 time=0.074908
INFO:funlib.learn.tensorflow.losses.um_loss:min/max ultrametric: 0.023886/0.139202
INFO:gunpowder.nodes.generic_train:Train process: iteration=382 loss=0.330990 time=0.068548
INFO:funlib.learn.tensorflow.losses.um_loss:min/max ultrametric: 0.023881/0.139192
INFO:gunpowder.nodes.generic_train:Train process: iteration=383 loss=0.331138 time=0.069705
INFO:funlib.learn.tensorflow.losses.um_loss:min/max ultrametric: 0.023877/0.159246
INFO:gunpowder.nodes.generic_train:Train process: iteration=384 loss=0.331405 time=0.069402
INFO:funlib.learn.tensorflow.losses.um_loss:min/max ultrametric: 0.023872/0.159256
INFO:gunpowder.nodes.generic_train:Train process: iteration=385 loss=0.331372 time=0.066851
INFO:funlib.learn.tensorflow.losses.um_loss:min/max ultrametric: 0.023966/0.159265
INFO:gunpowder.nodes.generic_train:Train process: iteration=386 loss=0.331474 time=0.068756
INFO:funlib.learn.tensorflow.losses.um_loss:min/max ultrametric: 0.023965/0.159273
INFO:gunpowder.nodes.generic_train:Train process: iteration=387 loss=0.331204 time=0.063906
INFO:funlib.learn.tensorflow.losses.um_loss:min/max ultrametric: 0.023964/0.159279
INFO:gunpowder.nodes.generic_train:Train process: iteration=388 loss=0.331023 time=0.064537
INFO:funlib.learn.tensorflow.losses.um_loss:min/max ultrametric: 0.023963/0.159285
INFO:gunpowder.nodes.generic_train:Train process: iteration=389 loss=0.330764 time=0.064772
INFO:funlib.learn.tensorflow.losses.um_loss:min/max ultrametric: 0.023962/0.159290
INFO:gunpowder.nodes.generic_train:Train process: iteration=390 loss=0.330558 time=0.067240
INFO:funlib.learn.tensorflow.losses.um_loss:min/max ultrametric: 0.024011/0.152155
INFO:gunpowder.nodes.generic_train:Train process: iteration=391 loss=0.332036 time=0.067460
INFO:funlib.learn.tensorflow.losses.um_loss:min/max ultrametric: 0.024016/0.152153
INFO:gunpowder.nodes.generic_train:Train process: iteration=392 loss=0.332053 time=0.066309
INFO:funlib.learn.tensorflow.losses.um_loss:min/max ultrametric: 0.024020/0.152152
INFO:gunpowder.nodes.generic_train:Train process: iteration=393 loss=0.331679 time=0.067495
INFO:funlib.learn.tensorflow.losses.um_loss:min/max ultrametric: 0.024025/0.152151
INFO:gunpowder.nodes.generic_train:Train process: iteration=394 loss=0.331729 time=0.068364
INFO:funlib.learn.tensorflow.losses.um_loss:min/max ultrametric: 0.024029/0.152151
INFO:gunpowder.nodes.generic_train:Train process: iteration=395 loss=0.331556 time=0.066349
INFO:funlib.learn.tensorflow.losses.um_loss:min/max ultrametric: 0.024033/0.152150
INFO:gunpowder.nodes.generic_train:Train process: iteration=396 loss=0.331544 time=0.067381
INFO:funlib.learn.tensorflow.losses.um_loss:min/max ultrametric: 0.024037/0.152149
INFO:gunpowder.nodes.generic_train:Train process: iteration=397 loss=0.330644 time=0.066145
INFO:funlib.learn.tensorflow.losses.um_loss:min/max ultrametric: 0.024041/0.163425
INFO:gunpowder.nodes.generic_train:Train process: iteration=398 loss=0.330593 time=0.062820
INFO:funlib.learn.tensorflow.losses.um_loss:min/max ultrametric: 0.024045/0.163374
INFO:gunpowder.nodes.generic_train:Train process: iteration=399 loss=0.330449 time=0.068000
INFO:funlib.learn.tensorflow.losses.um_loss:min/max ultrametric: 0.024049/0.159646
INFO:gunpowder.nodes.generic_train:Train process: iteration=400 loss=0.330550 time=0.068050
INFO:funlib.learn.tensorflow.losses.um_loss:min/max ultrametric: 0.027844/0.193529
INFO:gunpowder.nodes.generic_train:Train process: iteration=401 loss=0.334210 time=0.071557
INFO:funlib.learn.tensorflow.losses.um_loss:min/max ultrametric: 0.027842/0.193526
INFO:gunpowder.nodes.generic_train:Train process: iteration=402 loss=0.333960 time=0.068005
INFO:funlib.learn.tensorflow.losses.um_loss:min/max ultrametric: 0.027843/0.193523
INFO:gunpowder.nodes.generic_train:Train process: iteration=403 loss=0.333849 time=0.064186
INFO:funlib.learn.tensorflow.losses.um_loss:min/max ultrametric: 0.027841/0.193521
INFO:gunpowder.nodes.generic_train:Train process: iteration=404 loss=0.334030 time=0.064695
INFO:funlib.learn.tensorflow.losses.um_loss:min/max ultrametric: 0.027830/0.193520
INFO:gunpowder.nodes.generic_train:Train process: iteration=405 loss=0.334330 time=0.065138
INFO:funlib.learn.tensorflow.losses.um_loss:min/max ultrametric: 0.027818/0.193519
INFO:gunpowder.nodes.generic_train:Train process: iteration=406 loss=0.334169 time=0.062998
INFO:funlib.learn.tensorflow.losses.um_loss:min/max ultrametric: 0.027808/0.193517
INFO:gunpowder.nodes.generic_train:Train process: iteration=407 loss=0.334391 time=0.064453
INFO:funlib.learn.tensorflow.losses.um_loss:min/max ultrametric: 0.027798/0.150935
INFO:gunpowder.nodes.generic_train:Train process: iteration=408 loss=0.334348 time=0.065079
INFO:funlib.learn.tensorflow.losses.um_loss:min/max ultrametric: 0.027788/0.205408
INFO:gunpowder.nodes.generic_train:Train process: iteration=409 loss=0.333853 time=0.065993
INFO:funlib.learn.tensorflow.losses.um_loss:min/max ultrametric: 0.027782/0.205408
INFO:gunpowder.nodes.generic_train:Train process: iteration=410 loss=0.333356 time=0.067516
INFO:funlib.learn.tensorflow.losses.um_loss:min/max ultrametric: 0.024874/0.238486
INFO:gunpowder.nodes.generic_train:Train process: iteration=411 loss=0.329221 time=0.067003
INFO:funlib.learn.tensorflow.losses.um_loss:min/max ultrametric: 0.024874/0.253972
INFO:gunpowder.nodes.generic_train:Train process: iteration=412 loss=0.328128 time=0.066005
INFO:funlib.learn.tensorflow.losses.um_loss:min/max ultrametric: 0.024874/0.253970
INFO:gunpowder.nodes.generic_train:Train process: iteration=413 loss=0.328389 time=0.065684
INFO:funlib.learn.tensorflow.losses.um_loss:min/max ultrametric: 0.024873/0.228980
INFO:gunpowder.nodes.generic_train:Train process: iteration=414 loss=0.327656 time=0.067328
INFO:funlib.learn.tensorflow.losses.um_loss:min/max ultrametric: 0.026420/0.208846
INFO:gunpowder.nodes.generic_train:Train process: iteration=415 loss=0.327618 time=0.066526
INFO:funlib.learn.tensorflow.losses.um_loss:min/max ultrametric: 0.026424/0.217464
INFO:gunpowder.nodes.generic_train:Train process: iteration=416 loss=0.327432 time=0.066050
INFO:funlib.learn.tensorflow.losses.um_loss:min/max ultrametric: 0.026428/0.228959
INFO:gunpowder.nodes.generic_train:Train process: iteration=417 loss=0.327246 time=0.065145
INFO:funlib.learn.tensorflow.losses.um_loss:min/max ultrametric: 0.026432/0.228951
INFO:gunpowder.nodes.generic_train:Train process: iteration=418 loss=0.327181 time=0.066353
INFO:funlib.learn.tensorflow.losses.um_loss:min/max ultrametric: 0.026437/0.265950
INFO:gunpowder.nodes.generic_train:Train process: iteration=419 loss=0.326922 time=0.065199
INFO:funlib.learn.tensorflow.losses.um_loss:min/max ultrametric: 0.026442/0.265951
INFO:gunpowder.nodes.generic_train:Train process: iteration=420 loss=0.326794 time=0.065886
INFO:funlib.learn.tensorflow.losses.um_loss:min/max ultrametric: 0.024577/0.162447
INFO:gunpowder.nodes.generic_train:Train process: iteration=421 loss=0.323093 time=0.066563
INFO:funlib.learn.tensorflow.losses.um_loss:min/max ultrametric: 0.024588/0.162462
INFO:gunpowder.nodes.generic_train:Train process: iteration=422 loss=0.322940 time=0.065104
INFO:funlib.learn.tensorflow.losses.um_loss:min/max ultrametric: 0.024601/0.162483
INFO:gunpowder.nodes.generic_train:Train process: iteration=423 loss=0.322720 time=0.065236
INFO:funlib.learn.tensorflow.losses.um_loss:min/max ultrametric: 0.024616/0.159201
INFO:gunpowder.nodes.generic_train:Train process: iteration=424 loss=0.322744 time=0.066317
INFO:funlib.learn.tensorflow.losses.um_loss:min/max ultrametric: 0.024638/0.175713
INFO:gunpowder.nodes.generic_train:Train process: iteration=425 loss=0.322776 time=0.063001
INFO:funlib.learn.tensorflow.losses.um_loss:min/max ultrametric: 0.024667/0.175706
INFO:gunpowder.nodes.generic_train:Train process: iteration=426 loss=0.322911 time=0.065310
INFO:funlib.learn.tensorflow.losses.um_loss:min/max ultrametric: 0.024701/0.175702
INFO:gunpowder.nodes.generic_train:Train process: iteration=427 loss=0.322418 time=0.064994
INFO:funlib.learn.tensorflow.losses.um_loss:min/max ultrametric: 0.024739/0.167121
INFO:gunpowder.nodes.generic_train:Train process: iteration=428 loss=0.322375 time=0.066460
INFO:funlib.learn.tensorflow.losses.um_loss:min/max ultrametric: 0.024780/0.175697
INFO:gunpowder.nodes.generic_train:Train process: iteration=429 loss=0.322412 time=0.064304
INFO:funlib.learn.tensorflow.losses.um_loss:min/max ultrametric: 0.024825/0.192181
INFO:gunpowder.nodes.generic_train:Train process: iteration=430 loss=0.322329 time=0.069051
INFO:funlib.learn.tensorflow.losses.um_loss:min/max ultrametric: 0.029466/0.339266
INFO:gunpowder.nodes.generic_train:Train process: iteration=431 loss=0.322401 time=0.063052
INFO:funlib.learn.tensorflow.losses.um_loss:min/max ultrametric: 0.029450/0.339266
INFO:gunpowder.nodes.generic_train:Train process: iteration=432 loss=0.322431 time=0.064057
INFO:funlib.learn.tensorflow.losses.um_loss:min/max ultrametric: 0.029435/0.339266
INFO:gunpowder.nodes.generic_train:Train process: iteration=433 loss=0.322631 time=0.065337
INFO:funlib.learn.tensorflow.losses.um_loss:min/max ultrametric: 0.029420/0.339266
INFO:gunpowder.nodes.generic_train:Train process: iteration=434 loss=0.321450 time=0.064659
INFO:funlib.learn.tensorflow.losses.um_loss:min/max ultrametric: 0.029405/0.339266
INFO:gunpowder.nodes.generic_train:Train process: iteration=435 loss=0.321206 time=0.063602
INFO:funlib.learn.tensorflow.losses.um_loss:min/max ultrametric: 0.029390/0.398953
INFO:gunpowder.nodes.generic_train:Train process: iteration=436 loss=0.320255 time=0.063815
INFO:funlib.learn.tensorflow.losses.um_loss:min/max ultrametric: 0.029375/0.398949
INFO:gunpowder.nodes.generic_train:Train process: iteration=437 loss=0.318527 time=0.063510
INFO:funlib.learn.tensorflow.losses.um_loss:min/max ultrametric: 0.029361/0.398945
INFO:gunpowder.nodes.generic_train:Train process: iteration=438 loss=0.316263 time=0.065663
INFO:funlib.learn.tensorflow.losses.um_loss:min/max ultrametric: 0.029347/0.398941
INFO:gunpowder.nodes.generic_train:Train process: iteration=439 loss=0.316158 time=0.064542
INFO:funlib.learn.tensorflow.losses.um_loss:min/max ultrametric: 0.029334/0.398936
INFO:gunpowder.nodes.generic_train:Train process: iteration=440 loss=0.316172 time=0.064796
INFO:funlib.learn.tensorflow.losses.um_loss:min/max ultrametric: 0.028022/0.370478
INFO:gunpowder.nodes.generic_train:Train process: iteration=441 loss=0.323578 time=0.065359
INFO:funlib.learn.tensorflow.losses.um_loss:min/max ultrametric: 0.028018/0.370482
INFO:gunpowder.nodes.generic_train:Train process: iteration=442 loss=0.320627 time=0.067443
INFO:funlib.learn.tensorflow.losses.um_loss:min/max ultrametric: 0.028014/0.370486
INFO:gunpowder.nodes.generic_train:Train process: iteration=443 loss=0.319706 time=0.065344
INFO:funlib.learn.tensorflow.losses.um_loss:min/max ultrametric: 0.028009/0.374075
INFO:gunpowder.nodes.generic_train:Train process: iteration=444 loss=0.319843 time=0.066368
INFO:funlib.learn.tensorflow.losses.um_loss:min/max ultrametric: 0.028004/0.374068
INFO:gunpowder.nodes.generic_train:Train process: iteration=445 loss=0.319256 time=0.065514
INFO:funlib.learn.tensorflow.losses.um_loss:min/max ultrametric: 0.027998/0.374063
INFO:gunpowder.nodes.generic_train:Train process: iteration=446 loss=0.319816 time=0.065090
INFO:funlib.learn.tensorflow.losses.um_loss:min/max ultrametric: 0.027991/0.374057
INFO:gunpowder.nodes.generic_train:Train process: iteration=447 loss=0.319927 time=0.064383
INFO:funlib.learn.tensorflow.losses.um_loss:min/max ultrametric: 0.033492/0.374052
INFO:gunpowder.nodes.generic_train:Train process: iteration=448 loss=0.320277 time=0.063915
INFO:funlib.learn.tensorflow.losses.um_loss:min/max ultrametric: 0.033507/0.374047
INFO:gunpowder.nodes.generic_train:Train process: iteration=449 loss=0.319439 time=0.064378
INFO:funlib.learn.tensorflow.losses.um_loss:min/max ultrametric: 0.026982/0.374043
INFO:gunpowder.nodes.generic_train:Train process: iteration=450 loss=0.318194 time=0.064821
INFO:funlib.learn.tensorflow.losses.um_loss:min/max ultrametric: 0.037019/0.308018
INFO:gunpowder.nodes.generic_train:Train process: iteration=451 loss=0.315809 time=0.061373
INFO:funlib.learn.tensorflow.losses.um_loss:min/max ultrametric: 0.037027/0.308014
INFO:gunpowder.nodes.generic_train:Train process: iteration=452 loss=0.315603 time=0.062191
INFO:funlib.learn.tensorflow.losses.um_loss:min/max ultrametric: 0.037034/0.308009
INFO:gunpowder.nodes.generic_train:Train process: iteration=453 loss=0.318168 time=0.063545
INFO:funlib.learn.tensorflow.losses.um_loss:min/max ultrametric: 0.037039/0.427812
INFO:gunpowder.nodes.generic_train:Train process: iteration=454 loss=0.322321 time=0.064375
INFO:funlib.learn.tensorflow.losses.um_loss:min/max ultrametric: 0.035903/0.580418
INFO:gunpowder.nodes.generic_train:Train process: iteration=455 loss=0.321402 time=0.064205
INFO:funlib.learn.tensorflow.losses.um_loss:min/max ultrametric: 0.035916/0.580416
INFO:gunpowder.nodes.generic_train:Train process: iteration=456 loss=0.319105 time=0.063642
INFO:funlib.learn.tensorflow.losses.um_loss:min/max ultrametric: 0.035929/0.580416
INFO:gunpowder.nodes.generic_train:Train process: iteration=457 loss=0.319227 time=0.064502
INFO:funlib.learn.tensorflow.losses.um_loss:min/max ultrametric: 0.035943/0.580416
INFO:gunpowder.nodes.generic_train:Train process: iteration=458 loss=0.320339 time=0.063611
INFO:funlib.learn.tensorflow.losses.um_loss:min/max ultrametric: 0.035958/0.252638
INFO:gunpowder.nodes.generic_train:Train process: iteration=459 loss=0.321037 time=0.062053
INFO:funlib.learn.tensorflow.losses.um_loss:min/max ultrametric: 0.035972/0.252659
INFO:gunpowder.nodes.generic_train:Train process: iteration=460 loss=0.318233 time=0.063452
INFO:funlib.learn.tensorflow.losses.um_loss:min/max ultrametric: 0.042991/0.255251
INFO:gunpowder.nodes.generic_train:Train process: iteration=461 loss=0.313353 time=0.064474
INFO:funlib.learn.tensorflow.losses.um_loss:min/max ultrametric: 0.042991/0.342343
INFO:gunpowder.nodes.generic_train:Train process: iteration=462 loss=0.307606 time=0.062953
INFO:funlib.learn.tensorflow.losses.um_loss:min/max ultrametric: 0.042991/0.342330
INFO:gunpowder.nodes.generic_train:Train process: iteration=463 loss=0.307892 time=0.063089
INFO:funlib.learn.tensorflow.losses.um_loss:min/max ultrametric: 0.042990/0.342318
INFO:gunpowder.nodes.generic_train:Train process: iteration=464 loss=0.306490 time=0.063433
INFO:funlib.learn.tensorflow.losses.um_loss:min/max ultrametric: 0.046761/0.346652
INFO:gunpowder.nodes.generic_train:Train process: iteration=465 loss=0.300213 time=0.063270
INFO:funlib.learn.tensorflow.losses.um_loss:min/max ultrametric: 0.046777/0.419612
INFO:gunpowder.nodes.generic_train:Train process: iteration=466 loss=0.320711 time=0.064624
INFO:funlib.learn.tensorflow.losses.um_loss:min/max ultrametric: 0.046793/0.419614
INFO:gunpowder.nodes.generic_train:Train process: iteration=467 loss=0.320273 time=0.063443
INFO:funlib.learn.tensorflow.losses.um_loss:min/max ultrametric: 0.050187/0.419616
INFO:gunpowder.nodes.generic_train:Train process: iteration=468 loss=0.320878 time=0.065111
INFO:funlib.learn.tensorflow.losses.um_loss:min/max ultrametric: 0.050169/0.419617
INFO:gunpowder.nodes.generic_train:Train process: iteration=469 loss=0.314558 time=0.062730
INFO:funlib.learn.tensorflow.losses.um_loss:min/max ultrametric: 0.050151/0.419617
INFO:gunpowder.nodes.generic_train:Train process: iteration=470 loss=0.316059 time=0.066204
INFO:funlib.learn.tensorflow.losses.um_loss:min/max ultrametric: 0.087610/0.517075
INFO:gunpowder.nodes.generic_train:Train process: iteration=471 loss=0.297810 time=0.062716
INFO:funlib.learn.tensorflow.losses.um_loss:min/max ultrametric: 0.087612/0.517072
INFO:gunpowder.nodes.generic_train:Train process: iteration=472 loss=0.295991 time=0.061215
INFO:funlib.learn.tensorflow.losses.um_loss:min/max ultrametric: 0.087616/0.517071
INFO:gunpowder.nodes.generic_train:Train process: iteration=473 loss=0.306343 time=0.063443
INFO:funlib.learn.tensorflow.losses.um_loss:min/max ultrametric: 0.087620/0.517073
INFO:gunpowder.nodes.generic_train:Train process: iteration=474 loss=0.306249 time=0.062504
INFO:funlib.learn.tensorflow.losses.um_loss:min/max ultrametric: 0.087626/0.404664
INFO:gunpowder.nodes.generic_train:Train process: iteration=475 loss=0.334827 time=0.062613
INFO:funlib.learn.tensorflow.losses.um_loss:min/max ultrametric: 0.087633/0.404628
INFO:gunpowder.nodes.generic_train:Train process: iteration=476 loss=0.334727 time=0.062226
INFO:funlib.learn.tensorflow.losses.um_loss:min/max ultrametric: 0.087641/0.425730
INFO:gunpowder.nodes.generic_train:Train process: iteration=477 loss=0.335163 time=0.064295
INFO:funlib.learn.tensorflow.losses.um_loss:min/max ultrametric: 0.087648/0.425710
INFO:gunpowder.nodes.generic_train:Train process: iteration=478 loss=0.335067 time=0.063149
INFO:funlib.learn.tensorflow.losses.um_loss:min/max ultrametric: 0.309795/0.459725
INFO:gunpowder.nodes.generic_train:Train process: iteration=479 loss=0.353183 time=0.062859
INFO:funlib.learn.tensorflow.losses.um_loss:min/max ultrametric: 0.309796/0.459707
INFO:gunpowder.nodes.generic_train:Train process: iteration=480 loss=0.353082 time=0.062717
INFO:funlib.learn.tensorflow.losses.um_loss:min/max ultrametric: 0.046972/0.361773
INFO:gunpowder.nodes.generic_train:Train process: iteration=481 loss=0.238602 time=0.111779
INFO:funlib.learn.tensorflow.losses.um_loss:min/max ultrametric: 0.046976/0.361776
INFO:gunpowder.nodes.generic_train:Train process: iteration=482 loss=0.238494 time=0.062156
INFO:funlib.learn.tensorflow.losses.um_loss:min/max ultrametric: 0.046980/0.361779
INFO:gunpowder.nodes.generic_train:Train process: iteration=483 loss=0.238384 time=0.063026
INFO:funlib.learn.tensorflow.losses.um_loss:min/max ultrametric: 0.046984/0.417277
INFO:gunpowder.nodes.generic_train:Train process: iteration=484 loss=0.238273 time=0.063440
INFO:funlib.learn.tensorflow.losses.um_loss:min/max ultrametric: 0.046988/0.417277
INFO:gunpowder.nodes.generic_train:Train process: iteration=485 loss=0.238160 time=0.063779
INFO:funlib.learn.tensorflow.losses.um_loss:min/max ultrametric: 0.046991/0.417277
INFO:gunpowder.nodes.generic_train:Train process: iteration=486 loss=0.238046 time=0.063552
INFO:funlib.learn.tensorflow.losses.um_loss:min/max ultrametric: 0.046995/0.417277
INFO:gunpowder.nodes.generic_train:Train process: iteration=487 loss=0.237931 time=0.064596
INFO:funlib.learn.tensorflow.losses.um_loss:min/max ultrametric: 0.453453/0.453453
INFO:gunpowder.nodes.generic_train:Train process: iteration=488 loss=0.237814 time=0.062672
INFO:funlib.learn.tensorflow.losses.um_loss:min/max ultrametric: 0.453455/0.453455
INFO:gunpowder.nodes.generic_train:Train process: iteration=489 loss=0.237695 time=0.063078
INFO:funlib.learn.tensorflow.losses.um_loss:min/max ultrametric: 0.453456/0.453456
INFO:gunpowder.nodes.generic_train:Train process: iteration=490 loss=0.237575 time=0.061969
INFO:gunpowder.producer_pool:terminating workers...
INFO:gunpowder.producer_pool:joining workers...
INFO:gunpowder.producer_pool:done
